
[2017-09-14 14:49:31]  /usr/www/pingao_tb/app/ClickController.php  null
[2017-09-14 14:49:34]  /usr/www/pingao_tb/app/ClickController.php  https://m.baidu.com/from=1011812u/bd_page_type=1/ssid=0/uid=0/baiduid=ED155370D52B61648051A05A3541A068/w=0_10_/t=zbios/l=1/tc?ref=www_zbios&pu=sz%401320_480%2Ccuid%40luHA8Yi7HuYDuvuAla2X8g8_280taHuXgOHjagaKva8AOv83jivOi_aq2iAN37qOC%2Ccua%40_avLC_aE-i4qywoUfpw1z4PLXizeas8DgN2w8AqqC%2Ccut%400f2EigubL8o6uD8bgNSVPrfvSuq0C%2Cosname%40baiduboxapp%2Cctv%402%2Ccfrom%401000549e%2Ccen%40cuid_cua_cut%2Ccsrc%40home_box_txt%2Cvmgdb%400020100228y%2Cta%40zbios_
[2017-09-14 14:49:35]  /usr/www/pingao_tb/app/ClickController.php  http://www.414yy.com/wuyelunli/lunlipian/39696/
[2017-09-14 14:49:37]  /usr/www/pingao_tb/app/ClickController.php  http://122.225.105.104/ad/
[2017-09-14 14:49:39]  /usr/www/pingao_tb/app/ClickController.php  null
[2017-09-14 14:49:41]  /usr/www/pingao_tb/app/ClickController.php  http://www.414yy.com/wuyelunli/lunlipian/41407/
[2017-09-14 14:49:46]  /usr/www/pingao_tb/app/ClickController.php  http://m.414yy.com/wuyelunli/lunlipian/35686/
[2017-09-14 14:49:47]  /usr/www/pingao_tb/app/ClickController.php  http://www.77ftv.cn/wap/comic/11753/214906.html?p=4
[2017-09-14 14:49:50]  /usr/www/pingao_tb/app/ClickController.php  http://www.77ftv.cn/wap/comic/12124/
[2017-09-14 14:49:51]  /usr/www/pingao_tb/app/ClickController.php  http://www.414yy.com/wuyelunli/lunlipian/39566/
[2017-09-14 14:49:52]  /usr/www/pingao_tb/app/ClickController.php  http://www.414yy.com/wuyelunli/lunlipian/41405/
[2017-09-14 14:49:56]  /usr/www/pingao_tb/app/ClickController.php  http://www.77ftv.cn/wap/comic/11708/179309.html?p=6
[2017-09-14 14:49:56]  /usr/www/pingao_tb/app/ClickController.php  http://www.414yy.com/wuyelunli/lunlipian/41405/
[2017-09-14 14:49:56]  /usr/www/pingao_tb/app/ClickController.php  null
[2017-09-14 14:49:58]  /usr/www/pingao_tb/app/ClickController.php  http://m.wujiecao.cn/xieegif/4115_5.html
[2017-09-14 15:07:46]  /usr/www/pingao_tb/app/ClickController.php  The reservoir process vistdata_cpccountinfos failed.
[2017-09-14 15:08:01]  /usr/www/pingao_tb/app/ClickController.php  The reservoir process vistdata_cpccountinfos failed.
[2017-09-14 15:09:40]  /usr/www/pingao_tb/app/ClickController.php  The reservoir process vistdata_cpccountinfos failed.
[2017-09-14 15:11:29]  /usr/www/pingao_tb/app/ClickController.php  The reservoir process vistdata_cpccountinfos failed.
[2017-09-14 15:11:36]  /usr/www/pingao_tb/app/ClickController.php  The reservoir process vistdata_cpccountinfos failed.
[2017-09-14 15:11:36]  /usr/www/pingao_tb/app/ClickController.php  The reservoir process vistdata_cpccountinfos failed.
[2017-09-14 15:13:04]  /usr/www/pingao_tb/app/ClickController.php  The reservoir process vistdata_cpccountinfos failed.
[2017-09-14 15:13:17]  /usr/www/pingao_tb/app/ClickController.php  The reservoir process vistdata_cpccountinfos failed.
[2017-09-14 15:16:15]  /usr/www/pingao_tb/app/ClickController.php  The reservoir process vistdata_cpccountinfos failed.
[2017-09-14 15:16:34]  /usr/www/pingao_tb/app/ClickController.php  The reservoir process vistdata_cpccountinfos failed.
[2017-09-14 15:16:59]  /usr/www/pingao_tb/app/ClickController.php  The reservoir process vistdata_cpccountinfos failed.
[2017-09-14 15:17:06]  /usr/www/pingao_tb/app/ClickController.php  The reservoir process vistdata_cpccountinfos failed.
[2017-09-14 15:17:21]  /usr/www/pingao_tb/app/ClickController.php  The reservoir process vistdata_cpccountinfos failed.
[2017-09-14 15:17:37]  /usr/www/pingao_tb/app/ClickController.php  The reservoir process vistdata_cpccountinfos failed.
[2017-09-14 15:17:45]  /usr/www/pingao_tb/app/ClickController.php  The reservoir process vistdata_cpccountinfos failed.
[2017-09-14 15:18:04]  /usr/www/pingao_tb/app/ClickController.php  The reservoir process vistdata_cpccountinfos failed.
[2017-09-14 15:18:16]  /usr/www/pingao_tb/app/ClickController.php  The reservoir process vistdata_cpccountinfos failed.
[2017-09-14 15:19:23]  /usr/www/pingao_tb/app/ClickController.php  The reservoir process vistdata_cpccountinfos failed.
[2017-09-14 15:22:11]  /usr/www/pingao_tb/app/ClickController.php  The reservoir process vistdata_cpccountinfos failed.
[2017-09-14 15:24:52]  /usr/www/pingao_tb/app/ClickController.php  The reservoir process vistdata_cpccountinfos failed.
[2017-09-14 15:25:01]  /usr/www/pingao_tb/app/ClickController.php  The reservoir process vistdata_cpccountinfos failed.
[2017-09-14 15:26:00]  /usr/www/pingao_tb/app/ClickController.php  The reservoir process vistdata_cpccountinfos failed.
[2017-09-14 15:26:13]  /usr/www/pingao_tb/app/ClickController.php  The reservoir process vistdata_cpccountinfos failed.
[2017-09-14 15:26:15]  /usr/www/pingao_tb/app/ClickController.php  The reservoir process vistdata_cpccountinfos failed.
[2017-09-14 15:26:23]  /usr/www/pingao_tb/app/ClickController.php  The reservoir process vistdata_cpccountinfos failed.
[2017-09-14 15:27:12]  /usr/www/pingao_tb/app/ClickController.php  The reservoir process vistdata_cpccountinfos failed.
[2017-09-14 15:29:59]  /usr/www/pingao_tb/app/ClickController.php  The reservoir process vistdata_cpccountinfos failed.
[2017-09-14 15:30:47]  /usr/www/pingao_tb/app/ClickController.php  The reservoir process vistdata_cpccountinfos failed.
[2017-09-14 15:31:34]  /usr/www/pingao_tb/app/ClickController.php  The reservoir process vistdata_cpccountinfos failed.
[2017-09-14 15:32:45]  /usr/www/pingao_tb/app/ClickController.php  The reservoir process vistdata_cpccountinfos failed.
[2017-09-14 15:32:52]  /usr/www/pingao_tb/app/ClickController.php  The reservoir process vistdata_cpccountinfos failed.
[2017-09-14 15:32:53]  /usr/www/pingao_tb/app/ClickController.php  The reservoir process vistdata_cpccountinfos failed.
[2017-09-14 15:33:57]  /usr/www/pingao_tb/app/ClickController.php  The reservoir process vistdata_cpccountinfos failed.
[2017-09-14 15:37:13]  /usr/www/pingao_tb/app/ClickController.php  The reservoir process vistdata_cpccountinfos failed.
[2017-09-14 15:37:58]  /usr/www/pingao_tb/app/ClickController.php  The reservoir process vistdata_cpccountinfos failed.
[2017-09-14 15:39:05]  /usr/www/pingao_tb/app/ClickController.php  The reservoir process vistdata_cpccountinfos failed.
[2017-09-14 15:39:19]  /usr/www/pingao_tb/app/ClickController.php  The reservoir process vistdata_cpccountinfos failed.
[2017-09-14 15:39:42]  /usr/www/pingao_tb/app/ClickController.php  The reservoir process vistdata_cpccountinfos failed.
[2017-09-14 15:41:03]  /usr/www/pingao_tb/app/ClickController.php  The reservoir process vistdata_cpccountinfos failed.
[2017-09-14 15:42:00]  /usr/www/pingao_tb/app/ClickController.php  The reservoir process vistdata_cpccountinfos failed.
[2017-09-14 15:44:09]  /usr/www/pingao_tb/app/ClickController.php  The reservoir process vistdata_cpccountinfos failed.
[2017-09-14 15:44:10]  /usr/www/pingao_tb/app/ClickController.php  The reservoir process vistdata_cpccountinfos failed.
[2017-09-14 15:45:28]  /usr/www/pingao_tb/app/ClickController.php  The reservoir process vistdata_cpccountinfos failed.
[2017-09-14 15:46:42]  /usr/www/pingao_tb/app/ClickController.php  The reservoir process vistdata_cpccountinfos failed.
[2017-09-14 15:47:56]  /usr/www/pingao_tb/app/ClickController.php  The reservoir process vistdata_cpccountinfos failed.
[2017-09-14 15:48:42]  /usr/www/pingao_tb/app/ClickController.php  The reservoir process vistdata_cpccountinfos failed.
[2017-09-14 15:48:56]  /usr/www/pingao_tb/app/ClickController.php  The reservoir process vistdata_cpccountinfos failed.
[2017-09-14 15:51:28]  /usr/www/pingao_tb/app/ClickController.php  The reservoir process vistdata_cpccountinfos failed.
[2017-09-14 15:51:43]  /usr/www/pingao_tb/app/ClickController.php  The reservoir process vistdata_cpccountinfos failed.
[2017-09-14 15:52:48]  /usr/www/pingao_tb/app/ClickController.php  The reservoir process vistdata_cpccountinfos failed.
[2017-09-14 15:52:56]  /usr/www/pingao_tb/app/ClickController.php  The reservoir process vistdata_cpccountinfos failed.
[2017-09-14 15:53:21]  /usr/www/pingao_tb/app/ClickController.php  The reservoir process vistdata_cpccountinfos failed.
[2017-09-14 15:54:50]  /usr/www/pingao_tb/app/ClickController.php  The reservoir process vistdata_cpccountinfos failed.
[2017-09-14 16:05:46]  /usr/www/pingao_tb/app/ClickController.php  The reservoir process vistdata_cpccountinfos failed.
[2017-09-14 16:06:36]  /usr/www/pingao_tb/app/ClickController.php  The reservoir process vistdata_cpccountinfos failed.
[2017-09-14 16:08:10]  /usr/www/pingao_tb/app/ClickController.php  The reservoir process vistdata_cpccountinfos failed.
[2017-09-14 16:08:24]  /usr/www/pingao_tb/app/ClickController.php  The reservoir process vistdata_cpccountinfos failed.
[2017-09-14 16:09:09]  /usr/www/pingao_tb/app/ClickController.php  The reservoir process vistdata_cpccountinfos failed.
[2017-09-14 16:09:42]  /usr/www/pingao_tb/app/ClickController.php  The reservoir process vistdata_cpccountinfos failed.
[2017-09-14 16:12:39]  /usr/www/pingao_tb/app/ClickController.php  The reservoir process vistdata_cpccountinfos failed.
[2017-09-14 16:12:46]  /usr/www/pingao_tb/app/ClickController.php  The reservoir process vistdata_cpccountinfos failed.
[2017-09-14 16:13:33]  /usr/www/pingao_tb/app/ClickController.php  The reservoir process vistdata_cpccountinfos failed.
[2017-09-14 16:15:35]  /usr/www/pingao_tb/app/ClickController.php  The reservoir process vistdata_cpccountinfos failed.
[2017-09-14 16:16:59]  /usr/www/pingao_tb/app/ClickController.php  The reservoir process vistdata_cpccountinfos failed.
[2017-09-14 16:17:05]  /usr/www/pingao_tb/app/ClickController.php  The reservoir process vistdata_cpccountinfos failed.
[2017-09-14 16:17:17]  /usr/www/pingao_tb/app/ClickController.php  The reservoir process vistdata_cpccountinfos failed.
[2017-09-14 16:17:31]  /usr/www/pingao_tb/app/ClickController.php  The reservoir process vistdata_cpccountinfos failed.
[2017-09-14 16:19:06]  /usr/www/pingao_tb/app/ClickController.php  The reservoir process vistdata_cpccountinfos failed.
[2017-09-14 16:19:21]  /usr/www/pingao_tb/app/ClickController.php  The reservoir process vistdata_cpccountinfos failed.
[2017-09-14 16:19:29]  /usr/www/pingao_tb/app/ClickController.php  The reservoir process vistdata_cpccountinfos failed.
[2017-09-14 16:19:48]  /usr/www/pingao_tb/app/ClickController.php  The reservoir process vistdata_cpccountinfos failed.
[2017-09-14 16:20:20]  /usr/www/pingao_tb/app/ClickController.php  The reservoir process vistdata_cpccountinfos failed.
[2017-09-14 16:20:23]  /usr/www/pingao_tb/app/ClickController.php  The reservoir process vistdata_cpccountinfos failed.
[2017-09-14 16:21:06]  /usr/www/pingao_tb/app/ClickController.php  The reservoir process vistdata_cpccountinfos failed.
[2017-09-14 16:21:09]  /usr/www/pingao_tb/app/ClickController.php  The reservoir process vistdata_cpccountinfos failed.
[2017-09-14 16:22:18]  /usr/www/pingao_tb/app/ClickController.php  The reservoir process vistdata_cpccountinfos failed.
[2017-09-14 16:22:21]  /usr/www/pingao_tb/app/ClickController.php  The reservoir process vistdata_cpccountinfos failed.
[2017-09-14 16:22:23]  /usr/www/pingao_tb/app/ClickController.php  The reservoir process vistdata_cpccountinfos failed.
[2017-09-14 16:22:23]  /usr/www/pingao_tb/app/ClickController.php  The reservoir process vistdata_cpccountinfos failed.
[2017-09-14 16:23:22]  /usr/www/pingao_tb/app/ClickController.php  The reservoir process vistdata_cpccountinfos failed.
[2017-09-14 16:23:34]  /usr/www/pingao_tb/app/ClickController.php  The reservoir process vistdata_cpccountinfos failed.
[2017-09-14 16:24:06]  /usr/www/pingao_tb/app/ClickController.php  The reservoir process vistdata_cpccountinfos failed.
[2017-09-14 16:24:18]  /usr/www/pingao_tb/app/ClickController.php  The reservoir process vistdata_cpccountinfos failed.
[2017-09-14 16:24:27]  /usr/www/pingao_tb/app/ClickController.php  The reservoir process vistdata_cpccountinfos failed.
[2017-09-14 16:25:05]  /usr/www/pingao_tb/app/ClickController.php  The reservoir process vistdata_cpccountinfos failed.
[2017-09-14 16:26:11]  /usr/www/pingao_tb/app/ClickController.php  The reservoir process vistdata_cpccountinfos failed.
[2017-09-14 16:26:35]  /usr/www/pingao_tb/app/ClickController.php  The reservoir process vistdata_cpccountinfos failed.
[2017-09-14 16:27:46]  /usr/www/pingao_tb/app/ClickController.php  The reservoir process vistdata_cpccountinfos failed.
[2017-09-14 16:28:23]  /usr/www/pingao_tb/app/ClickController.php  The reservoir process vistdata_cpccountinfos failed.
[2017-09-14 16:28:26]  /usr/www/pingao_tb/app/ClickController.php  The reservoir process vistdata_cpccountinfos failed.
[2017-09-14 16:28:59]  /usr/www/pingao_tb/app/ClickController.php  The reservoir process vistdata_cpccountinfos failed.
[2017-09-14 16:29:24]  /usr/www/pingao_tb/app/ClickController.php  The reservoir process vistdata_cpccountinfos failed.
[2017-09-14 16:30:11]  /usr/www/pingao_tb/app/ClickController.php  The reservoir process vistdata_cpccountinfos failed.
[2017-09-14 16:30:51]  /usr/www/pingao_tb/app/ClickController.php  The reservoir process vistdata_cpccountinfos failed.
[2017-09-14 16:31:05]  /usr/www/pingao_tb/app/ClickController.php  The reservoir process vistdata_cpccountinfos failed.
[2017-09-14 16:31:14]  /usr/www/pingao_tb/app/ClickController.php  The reservoir process vistdata_cpccountinfos failed.
[2017-09-14 16:31:51]  /usr/www/pingao_tb/app/ClickController.php  The reservoir process vistdata_cpccountinfos failed.
[2017-09-14 16:33:44]  /usr/www/pingao_tb/app/ClickController.php  The reservoir process vistdata_cpccountinfos failed.
[2017-09-14 16:34:06]  /usr/www/pingao_tb/app/ClickController.php  The reservoir process vistdata_cpccountinfos failed.
[2017-09-14 16:37:49]  /usr/www/pingao_tb/app/ClickController.php  The reservoir process vistdata_cpccountinfos failed.
[2017-09-14 16:40:04]  /usr/www/pingao_tb/app/ClickController.php  The reservoir process vistdata_cpccountinfos failed.
[2017-09-14 16:41:37]  /usr/www/pingao_tb/app/ClickController.php  The reservoir process vistdata_cpccountinfos failed.
[2017-09-14 16:42:27]  /usr/www/pingao_tb/app/ClickController.php  The reservoir process vistdata_cpccountinfos failed.
[2017-09-14 16:43:05]  /usr/www/pingao_tb/app/ClickController.php  The reservoir process vistdata_cpccountinfos failed.
[2017-09-14 16:43:39]  /usr/www/pingao_tb/app/ClickController.php  The reservoir process vistdata_cpccountinfos failed.
[2017-09-14 16:44:26]  /usr/www/pingao_tb/app/ClickController.php  The reservoir process vistdata_cpccountinfos failed.
[2017-09-14 16:46:29]  /usr/www/pingao_tb/app/ClickController.php  The reservoir process vistdata_cpccountinfos failed.
[2017-09-14 16:46:32]  /usr/www/pingao_tb/app/ClickController.php  The reservoir process vistdata_cpccountinfos failed.
[2017-09-14 16:48:00]  /usr/www/pingao_tb/app/ClickController.php  The reservoir process vistdata_cpccountinfos failed.
[2017-09-14 16:49:20]  /usr/www/pingao_tb/app/ClickController.php  The reservoir process vistdata_cpccountinfos failed.
[2017-09-14 16:50:01]  /usr/www/pingao_tb/app/ClickController.php  The reservoir process vistdata_cpccountinfos failed.
[2017-09-14 16:50:40]  /usr/www/pingao_tb/app/ClickController.php  The reservoir process vistdata_cpccountinfos failed.
[2017-09-14 16:50:52]  /usr/www/pingao_tb/app/ClickController.php  The reservoir process vistdata_cpccountinfos failed.
[2017-09-14 16:52:33]  /usr/www/pingao_tb/app/ClickController.php  The reservoir process vistdata_cpccountinfos failed.
[2017-09-14 16:52:42]  /usr/www/pingao_tb/app/ClickController.php  The reservoir process vistdata_cpccountinfos failed.
[2017-09-14 16:53:04]  /usr/www/pingao_tb/app/ClickController.php  The reservoir process vistdata_cpccountinfos failed.
[2017-09-14 16:55:33]  /usr/www/pingao_tb/app/ClickController.php  The reservoir process vistdata_cpccountinfos failed.
[2017-09-14 16:58:40]  /usr/www/pingao_tb/app/ClickController.php  The reservoir process vistdata_cpccountinfos failed.
[2017-09-14 17:00:39]  /usr/www/pingao_tb/app/ClickController.php  The reservoir process vistdata_cpccountinfos failed.
[2017-09-14 17:03:07]  /usr/www/pingao_tb/app/ClickController.php  The reservoir process vistdata_cpccountinfos failed.
[2017-09-14 17:11:25]  /usr/www/pingao_tb/app/ClickController.php  The reservoir process vistdata_cpccountinfos failed.
[2017-09-14 17:11:34]  /usr/www/pingao_tb/app/ClickController.php  The reservoir process vistdata_cpccountinfos failed.
[2017-09-14 17:11:40]  /usr/www/pingao_tb/app/ClickController.php  The reservoir process vistdata_cpccountinfos failed.
[2017-09-14 17:11:51]  /usr/www/pingao_tb/app/ClickController.php  The reservoir process vistdata_cpccountinfos failed.
[2017-09-14 17:13:47]  /usr/www/pingao_tb/app/ClickController.php  The reservoir process vistdata_cpccountinfos failed.
[2017-09-14 17:14:17]  /usr/www/pingao_tb/app/ClickController.php  The reservoir process vistdata_cpccountinfos failed.
[2017-09-14 17:14:24]  /usr/www/pingao_tb/app/ClickController.php  The reservoir process vistdata_cpccountinfos failed.
[2017-09-14 17:15:07]  /usr/www/pingao_tb/app/ClickController.php  The reservoir process vistdata_cpccountinfos failed.
[2017-09-14 17:16:29]  /usr/www/pingao_tb/app/ClickController.php  The reservoir process vistdata_cpccountinfos failed.
[2017-09-14 17:17:19]  /usr/www/pingao_tb/app/ClickController.php  The reservoir process vistdata_cpccountinfos failed.
[2017-09-14 17:18:13]  /usr/www/pingao_tb/app/ClickController.php  The reservoir process vistdata_cpccountinfos failed.
[2017-09-14 17:21:59]  /usr/www/pingao_tb/app/ClickController.php  The reservoir process vistdata_cpccountinfos failed.
[2017-09-14 17:22:11]  /usr/www/pingao_tb/app/ClickController.php  The reservoir process vistdata_cpccountinfos failed.
[2017-09-14 17:22:48]  /usr/www/pingao_tb/app/ClickController.php  The reservoir process vistdata_cpccountinfos failed.
[2017-09-14 17:23:46]  /usr/www/pingao_tb/app/ClickController.php  The reservoir process vistdata_cpccountinfos failed.
[2017-09-14 17:24:22]  /usr/www/pingao_tb/app/ClickController.php  The reservoir process vistdata_cpccountinfos failed.
[2017-09-14 17:24:28]  /usr/www/pingao_tb/app/ClickController.php  The reservoir process vistdata_cpccountinfos failed.
[2017-09-14 17:25:12]  /usr/www/pingao_tb/app/ClickController.php  The reservoir process vistdata_cpccountinfos failed.
[2017-09-14 17:27:28]  /usr/www/pingao_tb/app/ClickController.php  The reservoir process vistdata_cpccountinfos failed.
[2017-09-14 17:29:00]  /usr/www/pingao_tb/app/ClickController.php  The reservoir process vistdata_cpccountinfos failed.
[2017-09-14 17:29:46]  /usr/www/pingao_tb/app/ClickController.php  The reservoir process vistdata_cpccountinfos failed.
[2017-09-14 17:30:11]  /usr/www/pingao_tb/app/ClickController.php  The reservoir process vistdata_cpccountinfos failed.
[2017-09-14 17:33:08]  /usr/www/pingao_tb/app/ClickController.php  The reservoir process vistdata_cpccountinfos failed.
[2017-09-14 17:36:57]  /usr/www/pingao_tb/app/ClickController.php  The reservoir process vistdata_cpccountinfos failed.
[2017-09-14 17:37:18]  /usr/www/pingao_tb/app/ClickController.php  The reservoir process vistdata_cpccountinfos failed.
[2017-09-14 17:37:25]  /usr/www/pingao_tb/app/ClickController.php  The reservoir process vistdata_cpccountinfos failed.
[2017-09-14 17:38:10]  /usr/www/pingao_tb/app/ClickController.php  The reservoir process vistdata_cpccountinfos failed.
[2017-09-14 17:38:22]  /usr/www/pingao_tb/app/ClickController.php  The reservoir process vistdata_cpccountinfos failed.
[2017-09-14 17:40:38]  /usr/www/pingao_tb/app/ClickController.php  The reservoir process vistdata_cpccountinfos failed.
[2017-09-14 17:41:06]  /usr/www/pingao_tb/app/ClickController.php  The reservoir process vistdata_cpccountinfos failed.
[2017-09-14 17:47:11]  /usr/www/pingao_tb/app/ClickController.php  The reservoir process vistdata_cpccountinfos failed.
[2017-09-14 17:47:14]  /usr/www/pingao_tb/app/ClickController.php  The reservoir process vistdata_cpccountinfos failed.
[2017-09-14 17:49:34]  /usr/www/pingao_tb/app/ClickController.php  The reservoir process vistdata_cpccountinfos failed.
[2017-09-14 17:52:34]  /usr/www/pingao_tb/app/ClickController.php  The reservoir process vistdata_cpccountinfos failed.
[2017-09-14 17:53:04]  /usr/www/pingao_tb/app/ClickController.php  The reservoir process vistdata_cpccountinfos failed.
[2017-09-14 17:54:18]  /usr/www/pingao_tb/app/ClickController.php  The reservoir process vistdata_cpccountinfos failed.
[2017-09-14 17:54:21]  /usr/www/pingao_tb/app/ClickController.php  The reservoir process vistdata_cpccountinfos failed.
[2017-09-14 17:54:24]  /usr/www/pingao_tb/app/ClickController.php  The reservoir process vistdata_cpccountinfos failed.
[2017-09-14 17:54:37]  /usr/www/pingao_tb/app/ClickController.php  The reservoir process vistdata_cpccountinfos failed.
[2017-09-14 17:56:31]  /usr/www/pingao_tb/app/ClickController.php  The reservoir process vistdata_cpccountinfos failed.
[2017-09-14 17:57:49]  /usr/www/pingao_tb/app/ClickController.php  The reservoir process vistdata_cpccountinfos failed.
[2017-09-14 17:58:14]  /usr/www/pingao_tb/app/ClickController.php  The reservoir process vistdata_cpccountinfos failed.
[2017-09-14 17:58:22]  /usr/www/pingao_tb/app/ClickController.php  The reservoir process vistdata_cpccountinfos failed.
[2017-09-14 18:00:05]  /usr/www/pingao_tb/app/ClickController.php  The reservoir process vistdata_cpccountinfos failed.
[2017-09-14 18:00:43]  /usr/www/pingao_tb/app/ClickController.php  The reservoir process vistdata_cpccountinfos failed.
[2017-09-14 18:03:08]  /usr/www/pingao_tb/app/ClickController.php  The reservoir process vistdata_cpccountinfos failed.
[2017-09-14 18:03:14]  /usr/www/pingao_tb/app/ClickController.php  The reservoir process vistdata_cpccountinfos failed.
[2017-09-14 18:04:25]  /usr/www/pingao_tb/app/ClickController.php  The reservoir process vistdata_cpccountinfos failed.
[2017-09-14 18:05:30]  /usr/www/pingao_tb/app/ClickController.php  The reservoir process vistdata_cpccountinfos failed.
[2017-09-14 18:06:41]  /usr/www/pingao_tb/app/ClickController.php  The reservoir process vistdata_cpccountinfos failed.
[2017-09-14 18:07:39]  /usr/www/pingao_tb/app/ClickController.php  The reservoir process vistdata_cpccountinfos failed.
[2017-09-14 18:10:42]  /usr/www/pingao_tb/app/ClickController.php  The reservoir process vistdata_cpccountinfos failed.
[2017-09-14 18:10:51]  /usr/www/pingao_tb/app/ClickController.php  The reservoir process vistdata_cpccountinfos failed.
[2017-09-14 18:12:29]  /usr/www/pingao_tb/app/ClickController.php  The reservoir process vistdata_cpccountinfos failed.
[2017-09-14 18:16:55]  /usr/www/pingao_tb/app/ClickController.php  The reservoir process vistdata_cpccountinfos failed.
[2017-09-14 18:19:28]  /usr/www/pingao_tb/app/ClickController.php  The reservoir process vistdata_cpccountinfos failed.
[2017-09-14 18:19:32]  /usr/www/pingao_tb/app/ClickController.php  The reservoir process vistdata_cpccountinfos failed.
[2017-09-14 18:19:33]  /usr/www/pingao_tb/app/ClickController.php  The reservoir process vistdata_cpccountinfos failed.
[2017-09-14 18:19:35]  /usr/www/pingao_tb/app/ClickController.php  The reservoir process vistdata_cpccountinfos failed.
[2017-09-14 18:20:34]  /usr/www/pingao_tb/app/ClickController.php  The reservoir process vistdata_cpccountinfos failed.
[2017-09-14 18:21:41]  /usr/www/pingao_tb/app/ClickController.php  The reservoir process vistdata_cpccountinfos failed.
[2017-09-14 18:22:23]  /usr/www/pingao_tb/app/ClickController.php  The reservoir process vistdata_cpccountinfos failed.
[2017-09-14 18:23:26]  /usr/www/pingao_tb/app/ClickController.php  The reservoir process vistdata_cpccountinfos failed.
[2017-09-14 18:30:22]  /usr/www/pingao_tb/app/ClickController.php  The reservoir process vistdata_cpccountinfos failed.
[2017-09-14 18:30:51]  /usr/www/pingao_tb/app/ClickController.php  The reservoir process vistdata_cpccountinfos failed.
[2017-09-14 18:31:24]  /usr/www/pingao_tb/app/ClickController.php  The reservoir process vistdata_cpccountinfos failed.
[2017-09-14 18:31:35]  /usr/www/pingao_tb/app/ClickController.php  The reservoir process vistdata_cpccountinfos failed.
[2017-09-14 18:31:40]  /usr/www/pingao_tb/app/ClickController.php  The reservoir process vistdata_cpccountinfos failed.
[2017-09-14 18:33:10]  /usr/www/pingao_tb/app/ClickController.php  The reservoir process vistdata_cpccountinfos failed.
[2017-09-14 18:37:19]  /usr/www/pingao_tb/app/ClickController.php  The reservoir process vistdata_cpccountinfos failed.
[2017-09-14 18:41:55]  /usr/www/pingao_tb/app/ClickController.php  The reservoir process vistdata_cpccountinfos failed.
[2017-09-14 18:47:09]  /usr/www/pingao_tb/app/ClickController.php  The reservoir process vistdata_cpccountinfos failed.
[2017-09-14 18:51:51]  /usr/www/pingao_tb/app/ClickController.php  The reservoir process vistdata_cpccountinfos failed.
[2017-09-14 18:52:11]  /usr/www/pingao_tb/app/ClickController.php  The reservoir process vistdata_cpccountinfos failed.
[2017-09-14 18:52:16]  /usr/www/pingao_tb/app/ClickController.php  The reservoir process vistdata_cpccountinfos failed.
[2017-09-14 18:53:02]  /usr/www/pingao_tb/app/ClickController.php  The reservoir process vistdata_cpccountinfos failed.
[2017-09-14 18:54:02]  /usr/www/pingao_tb/app/ClickController.php  The reservoir process vistdata_cpccountinfos failed.
[2017-09-14 18:56:00]  /usr/www/pingao_tb/app/ClickController.php  The reservoir process vistdata_cpccountinfos failed.
[2017-09-14 18:56:07]  /usr/www/pingao_tb/app/ClickController.php  The reservoir process vistdata_cpccountinfos failed.
[2017-09-14 18:57:42]  /usr/www/pingao_tb/app/ClickController.php  The reservoir process vistdata_cpccountinfos failed.
[2017-09-14 18:58:44]  /usr/www/pingao_tb/app/ClickController.php  The reservoir process vistdata_cpccountinfos failed.
[2017-09-14 19:01:51]  /usr/www/pingao_tb/app/ClickController.php  The reservoir process vistdata_cpccountinfos failed.
[2017-09-14 19:02:46]  /usr/www/pingao_tb/app/ClickController.php  The reservoir process vistdata_cpccountinfos failed.
[2017-09-14 19:04:32]  /usr/www/pingao_tb/app/ClickController.php  The reservoir process vistdata_cpccountinfos failed.
[2017-09-14 19:05:25]  /usr/www/pingao_tb/app/ClickController.php  The reservoir process vistdata_cpccountinfos failed.
[2017-09-14 19:06:55]  /usr/www/pingao_tb/app/ClickController.php  The reservoir process vistdata_cpccountinfos failed.
[2017-09-14 19:08:13]  /usr/www/pingao_tb/app/ClickController.php  The reservoir process vistdata_cpccountinfos failed.
[2017-09-14 19:08:34]  /usr/www/pingao_tb/app/ClickController.php  The reservoir process vistdata_cpccountinfos failed.
[2017-09-14 19:11:47]  /usr/www/pingao_tb/app/ClickController.php  The reservoir process vistdata_cpccountinfos failed.
[2017-09-14 19:12:36]  /usr/www/pingao_tb/app/ClickController.php  The reservoir process vistdata_cpccountinfos failed.
[2017-09-14 19:13:31]  /usr/www/pingao_tb/app/ClickController.php  The reservoir process vistdata_cpccountinfos failed.
[2017-09-14 19:14:05]  /usr/www/pingao_tb/app/ClickController.php  The reservoir process vistdata_cpccountinfos failed.
[2017-09-14 19:14:39]  /usr/www/pingao_tb/app/ClickController.php  The reservoir process vistdata_cpccountinfos failed.
[2017-09-14 19:16:39]  /usr/www/pingao_tb/app/ClickController.php  The reservoir process vistdata_cpccountinfos failed.
[2017-09-14 19:17:21]  /usr/www/pingao_tb/app/ClickController.php  The reservoir process vistdata_cpccountinfos failed.
[2017-09-14 19:21:12]  /usr/www/pingao_tb/app/ClickController.php  The reservoir process vistdata_cpccountinfos failed.
[2017-09-14 19:24:31]  /usr/www/pingao_tb/app/ClickController.php  The reservoir process vistdata_cpccountinfos failed.
[2017-09-14 19:25:26]  /usr/www/pingao_tb/app/ClickController.php  The reservoir process vistdata_cpccountinfos failed.
[2017-09-14 19:25:33]  /usr/www/pingao_tb/app/ClickController.php  The reservoir process vistdata_cpccountinfos failed.
[2017-09-14 19:26:09]  /usr/www/pingao_tb/app/ClickController.php  The reservoir process vistdata_cpccountinfos failed.
[2017-09-14 19:28:44]  /usr/www/pingao_tb/app/ClickController.php  The reservoir process vistdata_cpccountinfos failed.
[2017-09-14 19:29:08]  /usr/www/pingao_tb/app/ClickController.php  The reservoir process vistdata_cpccountinfos failed.
[2017-09-14 19:29:21]  /usr/www/pingao_tb/app/ClickController.php  The reservoir process vistdata_cpccountinfos failed.
[2017-09-14 19:29:34]  /usr/www/pingao_tb/app/ClickController.php  The reservoir process vistdata_cpccountinfos failed.
[2017-09-14 19:31:49]  /usr/www/pingao_tb/app/ClickController.php  The reservoir process vistdata_cpccountinfos failed.
[2017-09-14 19:33:57]  /usr/www/pingao_tb/app/ClickController.php  The reservoir process vistdata_cpccountinfos failed.
[2017-09-14 19:34:18]  /usr/www/pingao_tb/app/ClickController.php  The reservoir process vistdata_cpccountinfos failed.
[2017-09-14 19:34:28]  /usr/www/pingao_tb/app/ClickController.php  The reservoir process vistdata_cpccountinfos failed.
[2017-09-14 19:34:28]  /usr/www/pingao_tb/app/ClickController.php  The reservoir process vistdata_cpccountinfos failed.
[2017-09-14 19:35:18]  /usr/www/pingao_tb/app/ClickController.php  The reservoir process vistdata_cpccountinfos failed.
[2017-09-14 19:35:41]  /usr/www/pingao_tb/app/ClickController.php  The reservoir process vistdata_cpccountinfos failed.
[2017-09-14 19:36:42]  /usr/www/pingao_tb/app/ClickController.php  The reservoir process vistdata_cpccountinfos failed.
[2017-09-14 19:38:12]  /usr/www/pingao_tb/app/ClickController.php  The reservoir process vistdata_cpccountinfos failed.
[2017-09-14 19:38:50]  /usr/www/pingao_tb/app/ClickController.php  The reservoir process vistdata_cpccountinfos failed.
[2017-09-14 19:38:53]  /usr/www/pingao_tb/app/ClickController.php  The reservoir process vistdata_cpccountinfos failed.
[2017-09-14 19:39:03]  /usr/www/pingao_tb/app/ClickController.php  The reservoir process vistdata_cpccountinfos failed.
[2017-09-14 19:41:52]  /usr/www/pingao_tb/app/ClickController.php  The reservoir process vistdata_cpccountinfos failed.
[2017-09-14 19:41:53]  /usr/www/pingao_tb/app/ClickController.php  The reservoir process vistdata_cpccountinfos failed.
[2017-09-14 19:42:10]  /usr/www/pingao_tb/app/ClickController.php  The reservoir process vistdata_cpccountinfos failed.
[2017-09-14 19:42:37]  /usr/www/pingao_tb/app/ClickController.php  The reservoir process vistdata_cpccountinfos failed.
[2017-09-14 19:42:40]  /usr/www/pingao_tb/app/ClickController.php  The reservoir process vistdata_cpccountinfos failed.
[2017-09-14 19:43:54]  /usr/www/pingao_tb/app/ClickController.php  The reservoir process vistdata_cpccountinfos failed.
[2017-09-14 19:44:37]  /usr/www/pingao_tb/app/ClickController.php  The reservoir process vistdata_cpccountinfos failed.
[2017-09-14 19:45:50]  /usr/www/pingao_tb/app/ClickController.php  The reservoir process vistdata_cpccountinfos failed.
[2017-09-14 19:45:55]  /usr/www/pingao_tb/app/ClickController.php  The reservoir process vistdata_cpccountinfos failed.
[2017-09-14 19:45:59]  /usr/www/pingao_tb/app/ClickController.php  The reservoir process vistdata_cpccountinfos failed.
[2017-09-14 19:47:20]  /usr/www/pingao_tb/app/ClickController.php  The reservoir process vistdata_cpccountinfos failed.
[2017-09-14 19:48:06]  /usr/www/pingao_tb/app/ClickController.php  The reservoir process vistdata_cpccountinfos failed.
[2017-09-14 19:50:10]  /usr/www/pingao_tb/app/ClickController.php  The reservoir process vistdata_cpccountinfos failed.
[2017-09-14 19:50:32]  /usr/www/pingao_tb/app/ClickController.php  The reservoir process vistdata_cpccountinfos failed.
[2017-09-14 19:51:00]  /usr/www/pingao_tb/app/ClickController.php  The reservoir process vistdata_cpccountinfos failed.
[2017-09-14 19:51:52]  /usr/www/pingao_tb/app/ClickController.php  The reservoir process vistdata_cpccountinfos failed.
[2017-09-14 19:55:38]  /usr/www/pingao_tb/app/ClickController.php  The reservoir process vistdata_cpccountinfos failed.
[2017-09-14 19:55:59]  /usr/www/pingao_tb/app/ClickController.php  The reservoir process vistdata_cpccountinfos failed.
[2017-09-14 19:56:39]  /usr/www/pingao_tb/app/ClickController.php  The reservoir process vistdata_cpccountinfos failed.
[2017-09-14 19:57:01]  /usr/www/pingao_tb/app/ClickController.php  The reservoir process vistdata_cpccountinfos failed.
[2017-09-14 19:57:39]  /usr/www/pingao_tb/app/ClickController.php  The reservoir process vistdata_cpccountinfos failed.
[2017-09-14 19:57:43]  /usr/www/pingao_tb/app/ClickController.php  The reservoir process vistdata_cpccountinfos failed.
[2017-09-14 19:57:46]  /usr/www/pingao_tb/app/ClickController.php  The reservoir process vistdata_cpccountinfos failed.
[2017-09-14 19:57:46]  /usr/www/pingao_tb/app/ClickController.php  The reservoir process vistdata_cpccountinfos failed.
[2017-09-14 19:57:55]  /usr/www/pingao_tb/app/ClickController.php  The reservoir process vistdata_cpccountinfos failed.
[2017-09-14 20:01:54]  /usr/www/pingao_tb/app/ClickController.php  The reservoir process vistdata_cpccountinfos failed.
[2017-09-14 20:02:52]  /usr/www/pingao_tb/app/ClickController.php  The reservoir process vistdata_cpccountinfos failed.
[2017-09-14 20:02:55]  /usr/www/pingao_tb/app/ClickController.php  The reservoir process vistdata_cpccountinfos failed.
[2017-09-14 20:03:58]  /usr/www/pingao_tb/app/ClickController.php  The reservoir process vistdata_cpccountinfos failed.
[2017-09-14 20:04:55]  /usr/www/pingao_tb/app/ClickController.php  The reservoir process vistdata_cpccountinfos failed.
[2017-09-14 20:05:27]  /usr/www/pingao_tb/app/ClickController.php  The reservoir process vistdata_cpccountinfos failed.
[2017-09-14 20:05:45]  /usr/www/pingao_tb/app/ClickController.php  The reservoir process vistdata_cpccountinfos failed.
[2017-09-14 20:06:08]  /usr/www/pingao_tb/app/ClickController.php  The reservoir process vistdata_cpccountinfos failed.
[2017-09-14 20:07:28]  /usr/www/pingao_tb/app/ClickController.php  The reservoir process vistdata_cpccountinfos failed.
[2017-09-14 20:07:58]  /usr/www/pingao_tb/app/ClickController.php  The reservoir process vistdata_cpccountinfos failed.
[2017-09-14 20:08:45]  /usr/www/pingao_tb/app/ClickController.php  The reservoir process vistdata_cpccountinfos failed.
[2017-09-14 20:09:13]  /usr/www/pingao_tb/app/ClickController.php  The reservoir process vistdata_cpccountinfos failed.
[2017-09-14 20:11:08]  /usr/www/pingao_tb/app/ClickController.php  The reservoir process vistdata_cpccountinfos failed.
[2017-09-14 20:12:59]  /usr/www/pingao_tb/app/ClickController.php  The reservoir process vistdata_cpccountinfos failed.
[2017-09-14 20:13:08]  /usr/www/pingao_tb/app/ClickController.php  The reservoir process vistdata_cpccountinfos failed.
[2017-09-14 20:14:34]  /usr/www/pingao_tb/app/ClickController.php  The reservoir process vistdata_cpccountinfos failed.
[2017-09-14 20:14:39]  /usr/www/pingao_tb/app/ClickController.php  The reservoir process vistdata_cpccountinfos failed.
[2017-09-14 20:14:47]  /usr/www/pingao_tb/app/ClickController.php  The reservoir process vistdata_cpccountinfos failed.
[2017-09-14 20:14:51]  /usr/www/pingao_tb/app/ClickController.php  The reservoir process vistdata_cpccountinfos failed.
[2017-09-14 20:15:03]  /usr/www/pingao_tb/app/ClickController.php  The reservoir process vistdata_cpccountinfos failed.
[2017-09-14 20:15:10]  /usr/www/pingao_tb/app/ClickController.php  The reservoir process vistdata_cpccountinfos failed.
[2017-09-14 20:15:19]  /usr/www/pingao_tb/app/ClickController.php  The reservoir process vistdata_cpccountinfos failed.
[2017-09-14 20:15:45]  /usr/www/pingao_tb/app/ClickController.php  The reservoir process vistdata_cpccountinfos failed.
[2017-09-14 20:17:04]  /usr/www/pingao_tb/app/ClickController.php  The reservoir process vistdata_cpccountinfos failed.
[2017-09-14 20:18:27]  /usr/www/pingao_tb/app/ClickController.php  The reservoir process vistdata_cpccountinfos failed.
[2017-09-14 20:18:56]  /usr/www/pingao_tb/app/ClickController.php  The reservoir process vistdata_cpccountinfos failed.
[2017-09-14 20:19:43]  /usr/www/pingao_tb/app/ClickController.php  The reservoir process vistdata_cpccountinfos failed.
[2017-09-14 20:20:28]  /usr/www/pingao_tb/app/ClickController.php  The reservoir process vistdata_cpccountinfos failed.
[2017-09-14 20:20:41]  /usr/www/pingao_tb/app/ClickController.php  The reservoir process vistdata_cpccountinfos failed.
[2017-09-14 20:20:56]  /usr/www/pingao_tb/app/ClickController.php  The reservoir process vistdata_cpccountinfos failed.
[2017-09-14 20:21:47]  /usr/www/pingao_tb/app/ClickController.php  The reservoir process vistdata_cpccountinfos failed.
[2017-09-14 20:22:50]  /usr/www/pingao_tb/app/ClickController.php  The reservoir process vistdata_cpccountinfos failed.
[2017-09-14 20:22:51]  /usr/www/pingao_tb/app/ClickController.php  The reservoir process vistdata_cpccountinfos failed.
[2017-09-14 20:22:54]  /usr/www/pingao_tb/app/ClickController.php  The reservoir process vistdata_cpccountinfos failed.
[2017-09-14 20:23:32]  /usr/www/pingao_tb/app/ClickController.php  The reservoir process vistdata_cpccountinfos failed.
[2017-09-14 20:24:58]  /usr/www/pingao_tb/app/ClickController.php  The reservoir process vistdata_cpccountinfos failed.
[2017-09-14 20:25:11]  /usr/www/pingao_tb/app/ClickController.php  The reservoir process vistdata_cpccountinfos failed.
[2017-09-14 20:28:03]  /usr/www/pingao_tb/app/ClickController.php  The reservoir process vistdata_cpccountinfos failed.
[2017-09-14 20:28:09]  /usr/www/pingao_tb/app/ClickController.php  The reservoir process vistdata_cpccountinfos failed.
[2017-09-14 20:28:19]  /usr/www/pingao_tb/app/ClickController.php  The reservoir process vistdata_cpccountinfos failed.
[2017-09-14 20:28:20]  /usr/www/pingao_tb/app/ClickController.php  The reservoir process vistdata_cpccountinfos failed.
[2017-09-14 20:28:59]  /usr/www/pingao_tb/app/ClickController.php  The reservoir process vistdata_cpccountinfos failed.
[2017-09-14 20:29:34]  /usr/www/pingao_tb/app/ClickController.php  The reservoir process vistdata_cpccountinfos failed.
[2017-09-14 20:30:37]  /usr/www/pingao_tb/app/ClickController.php  The reservoir process vistdata_cpccountinfos failed.
[2017-09-14 20:31:58]  /usr/www/pingao_tb/app/ClickController.php  The reservoir process vistdata_cpccountinfos failed.
[2017-09-14 20:32:18]  /usr/www/pingao_tb/app/ClickController.php  The reservoir process vistdata_cpccountinfos failed.
[2017-09-14 20:33:31]  /usr/www/pingao_tb/app/ClickController.php  The reservoir process vistdata_cpccountinfos failed.
[2017-09-14 20:34:57]  /usr/www/pingao_tb/app/ClickController.php  The reservoir process vistdata_cpccountinfos failed.
[2017-09-14 20:35:18]  /usr/www/pingao_tb/app/ClickController.php  The reservoir process vistdata_cpccountinfos failed.
[2017-09-14 20:36:10]  /usr/www/pingao_tb/app/ClickController.php  The reservoir process vistdata_cpccountinfos failed.
[2017-09-14 20:37:30]  /usr/www/pingao_tb/app/ClickController.php  The reservoir process vistdata_cpccountinfos failed.
[2017-09-14 20:38:01]  /usr/www/pingao_tb/app/ClickController.php  The reservoir process vistdata_cpccountinfos failed.
[2017-09-14 20:38:04]  /usr/www/pingao_tb/app/ClickController.php  The reservoir process vistdata_cpccountinfos failed.
[2017-09-14 20:38:53]  /usr/www/pingao_tb/app/ClickController.php  The reservoir process vistdata_cpccountinfos failed.
[2017-09-14 20:38:57]  /usr/www/pingao_tb/app/ClickController.php  The reservoir process vistdata_cpccountinfos failed.
[2017-09-14 20:39:27]  /usr/www/pingao_tb/app/ClickController.php  The reservoir process vistdata_cpccountinfos failed.
[2017-09-14 20:39:45]  /usr/www/pingao_tb/app/ClickController.php  The reservoir process vistdata_cpccountinfos failed.
[2017-09-14 20:39:56]  /usr/www/pingao_tb/app/ClickController.php  The reservoir process vistdata_cpccountinfos failed.
[2017-09-14 20:40:04]  /usr/www/pingao_tb/app/ClickController.php  The reservoir process vistdata_cpccountinfos failed.
[2017-09-14 20:41:25]  /usr/www/pingao_tb/app/ClickController.php  The reservoir process vistdata_cpccountinfos failed.
[2017-09-14 20:43:09]  /usr/www/pingao_tb/app/ClickController.php  The reservoir process vistdata_cpccountinfos failed.
[2017-09-14 20:43:25]  /usr/www/pingao_tb/app/ClickController.php  The reservoir process vistdata_cpccountinfos failed.
[2017-09-14 20:43:28]  /usr/www/pingao_tb/app/ClickController.php  The reservoir process vistdata_cpccountinfos failed.
[2017-09-14 20:43:49]  /usr/www/pingao_tb/app/ClickController.php  The reservoir process vistdata_cpccountinfos failed.
[2017-09-14 20:44:15]  /usr/www/pingao_tb/app/ClickController.php  The reservoir process vistdata_cpccountinfos failed.
[2017-09-14 20:45:15]  /usr/www/pingao_tb/app/ClickController.php  The reservoir process vistdata_cpccountinfos failed.
[2017-09-14 20:45:34]  /usr/www/pingao_tb/app/ClickController.php  The reservoir process vistdata_cpccountinfos failed.
[2017-09-14 20:45:39]  /usr/www/pingao_tb/app/ClickController.php  The reservoir process vistdata_cpccountinfos failed.
[2017-09-14 20:45:45]  /usr/www/pingao_tb/app/ClickController.php  The reservoir process vistdata_cpccountinfos failed.
[2017-09-14 20:46:23]  /usr/www/pingao_tb/app/ClickController.php  The reservoir process vistdata_cpccountinfos failed.
[2017-09-14 20:46:26]  /usr/www/pingao_tb/app/ClickController.php  The reservoir process vistdata_cpccountinfos failed.
[2017-09-14 20:47:09]  /usr/www/pingao_tb/app/ClickController.php  The reservoir process vistdata_cpccountinfos failed.
[2017-09-14 20:48:01]  /usr/www/pingao_tb/app/ClickController.php  The reservoir process vistdata_cpccountinfos failed.
[2017-09-14 20:48:01]  /usr/www/pingao_tb/app/ClickController.php  The reservoir process vistdata_cpccountinfos failed.
[2017-09-14 20:48:42]  /usr/www/pingao_tb/app/ClickController.php  The reservoir process vistdata_cpccountinfos failed.
[2017-09-14 20:48:43]  /usr/www/pingao_tb/app/ClickController.php  The reservoir process vistdata_cpccountinfos failed.
[2017-09-14 20:48:54]  /usr/www/pingao_tb/app/ClickController.php  The reservoir process vistdata_cpccountinfos failed.
[2017-09-14 20:49:08]  /usr/www/pingao_tb/app/ClickController.php  The reservoir process vistdata_cpccountinfos failed.
[2017-09-14 20:49:09]  /usr/www/pingao_tb/app/ClickController.php  The reservoir process vistdata_cpccountinfos failed.
[2017-09-14 20:50:04]  /usr/www/pingao_tb/app/ClickController.php  The reservoir process vistdata_cpccountinfos failed.
[2017-09-14 20:50:18]  /usr/www/pingao_tb/app/ClickController.php  The reservoir process vistdata_cpccountinfos failed.
[2017-09-14 20:50:59]  /usr/www/pingao_tb/app/ClickController.php  The reservoir process vistdata_cpccountinfos failed.
[2017-09-14 20:51:18]  /usr/www/pingao_tb/app/ClickController.php  The reservoir process vistdata_cpccountinfos failed.
[2017-09-14 20:51:18]  /usr/www/pingao_tb/app/ClickController.php  The reservoir process vistdata_cpccountinfos failed.
[2017-09-14 20:51:27]  /usr/www/pingao_tb/app/ClickController.php  The reservoir process vistdata_cpccountinfos failed.
[2017-09-14 20:51:52]  /usr/www/pingao_tb/app/ClickController.php  The reservoir process vistdata_cpccountinfos failed.
[2017-09-14 20:52:51]  /usr/www/pingao_tb/app/ClickController.php  The reservoir process vistdata_cpccountinfos failed.
[2017-09-14 20:52:52]  /usr/www/pingao_tb/app/ClickController.php  The reservoir process vistdata_cpccountinfos failed.
[2017-09-14 20:52:55]  /usr/www/pingao_tb/app/ClickController.php  The reservoir process vistdata_cpccountinfos failed.
[2017-09-14 20:53:09]  /usr/www/pingao_tb/app/ClickController.php  The reservoir process vistdata_cpccountinfos failed.
[2017-09-14 20:53:21]  /usr/www/pingao_tb/app/ClickController.php  The reservoir process vistdata_cpccountinfos failed.
[2017-09-14 20:53:25]  /usr/www/pingao_tb/app/ClickController.php  The reservoir process vistdata_cpccountinfos failed.
[2017-09-14 20:53:49]  /usr/www/pingao_tb/app/ClickController.php  The reservoir process vistdata_cpccountinfos failed.
[2017-09-14 20:54:35]  /usr/www/pingao_tb/app/ClickController.php  The reservoir process vistdata_cpccountinfos failed.
[2017-09-14 20:54:45]  /usr/www/pingao_tb/app/ClickController.php  The reservoir process vistdata_cpccountinfos failed.
[2017-09-14 20:54:55]  /usr/www/pingao_tb/app/ClickController.php  The reservoir process vistdata_cpccountinfos failed.
[2017-09-14 20:55:36]  /usr/www/pingao_tb/app/ClickController.php  The reservoir process vistdata_cpccountinfos failed.
[2017-09-14 20:55:48]  /usr/www/pingao_tb/app/ClickController.php  The reservoir process vistdata_cpccountinfos failed.
[2017-09-14 20:57:16]  /usr/www/pingao_tb/app/ClickController.php  The reservoir process vistdata_cpccountinfos failed.
[2017-09-14 20:57:21]  /usr/www/pingao_tb/app/ClickController.php  The reservoir process vistdata_cpccountinfos failed.
[2017-09-14 20:57:24]  /usr/www/pingao_tb/app/ClickController.php  The reservoir process vistdata_cpccountinfos failed.
[2017-09-14 20:57:46]  /usr/www/pingao_tb/app/ClickController.php  The reservoir process vistdata_cpccountinfos failed.
[2017-09-14 20:57:48]  /usr/www/pingao_tb/app/ClickController.php  The reservoir process vistdata_cpccountinfos failed.
[2017-09-14 20:58:33]  /usr/www/pingao_tb/app/ClickController.php  The reservoir process vistdata_cpccountinfos failed.
[2017-09-14 20:58:42]  /usr/www/pingao_tb/app/ClickController.php  The reservoir process vistdata_cpccountinfos failed.
[2017-09-14 20:59:20]  /usr/www/pingao_tb/app/ClickController.php  The reservoir process vistdata_cpccountinfos failed.
[2017-09-14 20:59:40]  /usr/www/pingao_tb/app/ClickController.php  The reservoir process vistdata_cpccountinfos failed.
[2017-09-14 20:59:50]  /usr/www/pingao_tb/app/ClickController.php  The reservoir process vistdata_cpccountinfos failed.
[2017-09-14 21:00:22]  /usr/www/pingao_tb/app/ClickController.php  The reservoir process vistdata_cpccountinfos failed.
[2017-09-14 21:01:25]  /usr/www/pingao_tb/app/ClickController.php  The reservoir process vistdata_cpccountinfos failed.
[2017-09-14 21:01:26]  /usr/www/pingao_tb/app/ClickController.php  The reservoir process vistdata_cpccountinfos failed.
[2017-09-14 21:03:41]  /usr/www/pingao_tb/app/ClickController.php  The reservoir process vistdata_cpccountinfos failed.
[2017-09-14 21:06:07]  /usr/www/pingao_tb/app/ClickController.php  The reservoir process vistdata_cpccountinfos failed.
[2017-09-14 21:06:24]  /usr/www/pingao_tb/app/ClickController.php  The reservoir process vistdata_cpccountinfos failed.
[2017-09-14 21:06:28]  /usr/www/pingao_tb/app/ClickController.php  The reservoir process vistdata_cpccountinfos failed.
[2017-09-14 21:07:02]  /usr/www/pingao_tb/app/ClickController.php  The reservoir process vistdata_cpccountinfos failed.
[2017-09-14 21:07:05]  /usr/www/pingao_tb/app/ClickController.php  The reservoir process vistdata_cpccountinfos failed.
[2017-09-14 21:07:28]  /usr/www/pingao_tb/app/ClickController.php  The reservoir process vistdata_cpccountinfos failed.
[2017-09-14 21:08:13]  /usr/www/pingao_tb/app/ClickController.php  The reservoir process vistdata_cpccountinfos failed.
[2017-09-14 21:08:30]  /usr/www/pingao_tb/app/ClickController.php  The reservoir process vistdata_cpccountinfos failed.
[2017-09-14 21:08:51]  /usr/www/pingao_tb/app/ClickController.php  The reservoir process vistdata_cpccountinfos failed.
[2017-09-14 21:11:38]  /usr/www/pingao_tb/app/ClickController.php  The reservoir process vistdata_cpccountinfos failed.
[2017-09-14 21:12:18]  /usr/www/pingao_tb/app/ClickController.php  The reservoir process vistdata_cpccountinfos failed.
[2017-09-14 21:12:53]  /usr/www/pingao_tb/app/ClickController.php  The reservoir process vistdata_cpccountinfos failed.
[2017-09-14 21:13:40]  /usr/www/pingao_tb/app/ClickController.php  The reservoir process vistdata_cpccountinfos failed.
[2017-09-14 21:13:46]  /usr/www/pingao_tb/app/ClickController.php  The reservoir process vistdata_cpccountinfos failed.
[2017-09-14 21:14:05]  /usr/www/pingao_tb/app/ClickController.php  The reservoir process vistdata_cpccountinfos failed.
[2017-09-14 21:14:58]  /usr/www/pingao_tb/app/ClickController.php  The reservoir process vistdata_cpccountinfos failed.
[2017-09-14 21:15:37]  /usr/www/pingao_tb/app/ClickController.php  The reservoir process vistdata_cpccountinfos failed.
[2017-09-14 21:15:44]  /usr/www/pingao_tb/app/ClickController.php  The reservoir process vistdata_cpccountinfos failed.
[2017-09-14 21:16:18]  /usr/www/pingao_tb/app/ClickController.php  The reservoir process vistdata_cpccountinfos failed.
[2017-09-14 21:16:27]  /usr/www/pingao_tb/app/ClickController.php  The reservoir process vistdata_cpccountinfos failed.
[2017-09-14 21:17:25]  /usr/www/pingao_tb/app/ClickController.php  The reservoir process vistdata_cpccountinfos failed.
[2017-09-14 21:18:32]  /usr/www/pingao_tb/app/ClickController.php  The reservoir process vistdata_cpccountinfos failed.
[2017-09-14 21:18:49]  /usr/www/pingao_tb/app/ClickController.php  The reservoir process vistdata_cpccountinfos failed.
[2017-09-14 21:18:49]  /usr/www/pingao_tb/app/ClickController.php  The reservoir process vistdata_cpccountinfos failed.
[2017-09-14 21:19:18]  /usr/www/pingao_tb/app/ClickController.php  The reservoir process vistdata_cpccountinfos failed.
[2017-09-14 21:19:45]  /usr/www/pingao_tb/app/ClickController.php  The reservoir process vistdata_cpccountinfos failed.
[2017-09-14 21:20:27]  /usr/www/pingao_tb/app/ClickController.php  The reservoir process vistdata_cpccountinfos failed.
[2017-09-14 21:21:04]  /usr/www/pingao_tb/app/ClickController.php  The reservoir process vistdata_cpccountinfos failed.
[2017-09-14 21:21:07]  /usr/www/pingao_tb/app/ClickController.php  The reservoir process vistdata_cpccountinfos failed.
[2017-09-14 21:21:09]  /usr/www/pingao_tb/app/ClickController.php  The reservoir process vistdata_cpccountinfos failed.
[2017-09-14 21:21:37]  /usr/www/pingao_tb/app/ClickController.php  The reservoir process vistdata_cpccountinfos failed.
[2017-09-14 21:25:18]  /usr/www/pingao_tb/app/ClickController.php  The reservoir process vistdata_cpccountinfos failed.
[2017-09-14 21:25:52]  /usr/www/pingao_tb/app/ClickController.php  The reservoir process vistdata_cpccountinfos failed.
[2017-09-14 21:29:15]  /usr/www/pingao_tb/app/ClickController.php  The reservoir process vistdata_cpccountinfos failed.
[2017-09-14 21:29:19]  /usr/www/pingao_tb/app/ClickController.php  The reservoir process vistdata_cpccountinfos failed.
[2017-09-14 21:30:40]  /usr/www/pingao_tb/app/ClickController.php  The reservoir process vistdata_cpccountinfos failed.
[2017-09-14 21:30:49]  /usr/www/pingao_tb/app/ClickController.php  The reservoir process vistdata_cpccountinfos failed.
[2017-09-14 21:30:59]  /usr/www/pingao_tb/app/ClickController.php  The reservoir process vistdata_cpccountinfos failed.
[2017-09-14 21:31:27]  /usr/www/pingao_tb/app/ClickController.php  The reservoir process vistdata_cpccountinfos failed.
[2017-09-14 21:34:26]  /usr/www/pingao_tb/app/ClickController.php  The reservoir process vistdata_cpccountinfos failed.
[2017-09-14 21:35:05]  /usr/www/pingao_tb/app/ClickController.php  The reservoir process vistdata_cpccountinfos failed.
[2017-09-14 21:36:50]  /usr/www/pingao_tb/app/ClickController.php  The reservoir process vistdata_cpccountinfos failed.
[2017-09-14 21:38:54]  /usr/www/pingao_tb/app/ClickController.php  The reservoir process vistdata_cpccountinfos failed.
[2017-09-14 21:38:58]  /usr/www/pingao_tb/app/ClickController.php  The reservoir process vistdata_cpccountinfos failed.
[2017-09-14 21:40:02]  /usr/www/pingao_tb/app/ClickController.php  The reservoir process vistdata_cpccountinfos failed.
[2017-09-14 21:40:06]  /usr/www/pingao_tb/app/ClickController.php  The reservoir process vistdata_cpccountinfos failed.
[2017-09-14 21:40:09]  /usr/www/pingao_tb/app/ClickController.php  The reservoir process vistdata_cpccountinfos failed.
[2017-09-14 21:40:44]  /usr/www/pingao_tb/app/ClickController.php  The reservoir process vistdata_cpccountinfos failed.
[2017-09-14 21:41:16]  /usr/www/pingao_tb/app/ClickController.php  The reservoir process vistdata_cpccountinfos failed.
[2017-09-14 21:41:58]  /usr/www/pingao_tb/app/ClickController.php  The reservoir process vistdata_cpccountinfos failed.
[2017-09-14 21:42:08]  /usr/www/pingao_tb/app/ClickController.php  The reservoir process vistdata_cpccountinfos failed.
[2017-09-14 21:42:38]  /usr/www/pingao_tb/app/ClickController.php  The reservoir process vistdata_cpccountinfos failed.
[2017-09-14 21:43:36]  /usr/www/pingao_tb/app/ClickController.php  The reservoir process vistdata_cpccountinfos failed.
[2017-09-14 21:43:37]  /usr/www/pingao_tb/app/ClickController.php  The reservoir process vistdata_cpccountinfos failed.
[2017-09-14 21:43:49]  /usr/www/pingao_tb/app/ClickController.php  The reservoir process vistdata_cpccountinfos failed.
[2017-09-14 21:44:08]  /usr/www/pingao_tb/app/ClickController.php  The reservoir process vistdata_cpccountinfos failed.
[2017-09-14 21:44:19]  /usr/www/pingao_tb/app/ClickController.php  The reservoir process vistdata_cpccountinfos failed.
[2017-09-14 21:44:46]  /usr/www/pingao_tb/app/ClickController.php  The reservoir process vistdata_cpccountinfos failed.
[2017-09-14 21:44:51]  /usr/www/pingao_tb/app/ClickController.php  The reservoir process vistdata_cpccountinfos failed.
[2017-09-14 21:45:50]  /usr/www/pingao_tb/app/ClickController.php  The reservoir process vistdata_cpccountinfos failed.
[2017-09-14 21:46:33]  /usr/www/pingao_tb/app/ClickController.php  The reservoir process vistdata_cpccountinfos failed.
[2017-09-14 21:46:33]  /usr/www/pingao_tb/app/ClickController.php  The reservoir process vistdata_cpccountinfos failed.
[2017-09-14 21:47:08]  /usr/www/pingao_tb/app/ClickController.php  The reservoir process vistdata_cpccountinfos failed.
[2017-09-14 21:47:19]  /usr/www/pingao_tb/app/ClickController.php  The reservoir process vistdata_cpccountinfos failed.
[2017-09-14 21:48:03]  /usr/www/pingao_tb/app/ClickController.php  The reservoir process vistdata_cpccountinfos failed.
[2017-09-14 21:48:14]  /usr/www/pingao_tb/app/ClickController.php  The reservoir process vistdata_cpccountinfos failed.
[2017-09-14 21:48:36]  /usr/www/pingao_tb/app/ClickController.php  The reservoir process vistdata_cpccountinfos failed.
[2017-09-14 21:48:58]  /usr/www/pingao_tb/app/ClickController.php  The reservoir process vistdata_cpccountinfos failed.
[2017-09-14 21:49:51]  /usr/www/pingao_tb/app/ClickController.php  The reservoir process vistdata_cpccountinfos failed.
[2017-09-14 21:49:56]  /usr/www/pingao_tb/app/ClickController.php  The reservoir process vistdata_cpccountinfos failed.
[2017-09-14 21:50:09]  /usr/www/pingao_tb/app/ClickController.php  The reservoir process vistdata_cpccountinfos failed.
[2017-09-14 21:50:40]  /usr/www/pingao_tb/app/ClickController.php  The reservoir process vistdata_cpccountinfos failed.
[2017-09-14 21:51:17]  /usr/www/pingao_tb/app/ClickController.php  The reservoir process vistdata_cpccountinfos failed.
[2017-09-14 21:51:37]  /usr/www/pingao_tb/app/ClickController.php  The reservoir process vistdata_cpccountinfos failed.
[2017-09-14 21:51:42]  /usr/www/pingao_tb/app/ClickController.php  The reservoir process vistdata_cpccountinfos failed.
[2017-09-14 21:52:00]  /usr/www/pingao_tb/app/ClickController.php  The reservoir process vistdata_cpccountinfos failed.
[2017-09-14 21:52:11]  /usr/www/pingao_tb/app/ClickController.php  The reservoir process vistdata_cpccountinfos failed.
[2017-09-14 21:52:15]  /usr/www/pingao_tb/app/ClickController.php  The reservoir process vistdata_cpccountinfos failed.
[2017-09-14 21:52:34]  /usr/www/pingao_tb/app/ClickController.php  The reservoir process vistdata_cpccountinfos failed.
[2017-09-14 21:53:04]  /usr/www/pingao_tb/app/ClickController.php  The reservoir process vistdata_cpccountinfos failed.
[2017-09-14 21:53:08]  /usr/www/pingao_tb/app/ClickController.php  The reservoir process vistdata_cpccountinfos failed.
[2017-09-14 21:53:18]  /usr/www/pingao_tb/app/ClickController.php  The reservoir process vistdata_cpccountinfos failed.
[2017-09-14 21:53:24]  /usr/www/pingao_tb/app/ClickController.php  The reservoir process vistdata_cpccountinfos failed.
[2017-09-14 21:53:25]  /usr/www/pingao_tb/app/ClickController.php  The reservoir process vistdata_cpccountinfos failed.
[2017-09-14 21:53:26]  /usr/www/pingao_tb/app/ClickController.php  The reservoir process vistdata_cpccountinfos failed.
[2017-09-14 21:54:09]  /usr/www/pingao_tb/app/ClickController.php  The reservoir process vistdata_cpccountinfos failed.
[2017-09-14 21:54:11]  /usr/www/pingao_tb/app/ClickController.php  The reservoir process vistdata_cpccountinfos failed.
[2017-09-14 21:55:45]  /usr/www/pingao_tb/app/ClickController.php  The reservoir process vistdata_cpccountinfos failed.
[2017-09-14 21:56:44]  /usr/www/pingao_tb/app/ClickController.php  The reservoir process vistdata_cpccountinfos failed.
[2017-09-14 21:56:47]  /usr/www/pingao_tb/app/ClickController.php  The reservoir process vistdata_cpccountinfos failed.
[2017-09-14 21:56:48]  /usr/www/pingao_tb/app/ClickController.php  The reservoir process vistdata_cpccountinfos failed.
[2017-09-14 21:57:33]  /usr/www/pingao_tb/app/ClickController.php  The reservoir process vistdata_cpccountinfos failed.
[2017-09-14 21:57:44]  /usr/www/pingao_tb/app/ClickController.php  The reservoir process vistdata_cpccountinfos failed.
[2017-09-14 21:58:02]  /usr/www/pingao_tb/app/ClickController.php  The reservoir process vistdata_cpccountinfos failed.
[2017-09-14 21:58:03]  /usr/www/pingao_tb/app/ClickController.php  The reservoir process vistdata_cpccountinfos failed.
[2017-09-14 21:58:45]  /usr/www/pingao_tb/app/ClickController.php  The reservoir process vistdata_cpccountinfos failed.
[2017-09-14 21:59:02]  /usr/www/pingao_tb/app/ClickController.php  The reservoir process vistdata_cpccountinfos failed.
[2017-09-14 21:59:31]  /usr/www/pingao_tb/app/ClickController.php  The reservoir process vistdata_cpccountinfos failed.
[2017-09-14 21:59:48]  /usr/www/pingao_tb/app/ClickController.php  The reservoir process vistdata_cpccountinfos failed.
[2017-09-14 21:59:54]  /usr/www/pingao_tb/app/ClickController.php  The reservoir process vistdata_cpccountinfos failed.
[2017-09-14 22:00:22]  /usr/www/pingao_tb/app/ClickController.php  The reservoir process vistdata_cpccountinfos failed.
[2017-09-14 22:00:46]  /usr/www/pingao_tb/app/ClickController.php  The reservoir process vistdata_cpccountinfos failed.
[2017-09-14 22:01:28]  /usr/www/pingao_tb/app/ClickController.php  The reservoir process vistdata_cpccountinfos failed.
[2017-09-14 22:01:49]  /usr/www/pingao_tb/app/ClickController.php  The reservoir process vistdata_cpccountinfos failed.
[2017-09-14 22:02:19]  /usr/www/pingao_tb/app/ClickController.php  The reservoir process vistdata_cpccountinfos failed.
[2017-09-14 22:02:45]  /usr/www/pingao_tb/app/ClickController.php  The reservoir process vistdata_cpccountinfos failed.
[2017-09-14 22:03:26]  /usr/www/pingao_tb/app/ClickController.php  The reservoir process vistdata_cpccountinfos failed.
[2017-09-14 22:03:28]  /usr/www/pingao_tb/app/ClickController.php  The reservoir process vistdata_cpccountinfos failed.
[2017-09-14 22:03:44]  /usr/www/pingao_tb/app/ClickController.php  The reservoir process vistdata_cpccountinfos failed.
[2017-09-14 22:03:58]  /usr/www/pingao_tb/app/ClickController.php  The reservoir process vistdata_cpccountinfos failed.
[2017-09-14 22:04:01]  /usr/www/pingao_tb/app/ClickController.php  The reservoir process vistdata_cpccountinfos failed.
[2017-09-14 22:04:03]  /usr/www/pingao_tb/app/ClickController.php  The reservoir process vistdata_cpccountinfos failed.
[2017-09-14 22:04:16]  /usr/www/pingao_tb/app/ClickController.php  The reservoir process vistdata_cpccountinfos failed.
[2017-09-14 22:04:39]  /usr/www/pingao_tb/app/ClickController.php  The reservoir process vistdata_cpccountinfos failed.
[2017-09-14 22:04:43]  /usr/www/pingao_tb/app/ClickController.php  The reservoir process vistdata_cpccountinfos failed.
[2017-09-14 22:05:58]  /usr/www/pingao_tb/app/ClickController.php  The reservoir process vistdata_cpccountinfos failed.
[2017-09-14 22:06:43]  /usr/www/pingao_tb/app/ClickController.php  The reservoir process vistdata_cpccountinfos failed.
[2017-09-14 22:06:56]  /usr/www/pingao_tb/app/ClickController.php  The reservoir process vistdata_cpccountinfos failed.
[2017-09-14 22:07:04]  /usr/www/pingao_tb/app/ClickController.php  The reservoir process vistdata_cpccountinfos failed.
[2017-09-14 22:07:55]  /usr/www/pingao_tb/app/ClickController.php  The reservoir process vistdata_cpccountinfos failed.
[2017-09-14 22:07:59]  /usr/www/pingao_tb/app/ClickController.php  The reservoir process vistdata_cpccountinfos failed.
[2017-09-14 22:09:31]  /usr/www/pingao_tb/app/ClickController.php  The reservoir process vistdata_cpccountinfos failed.
[2017-09-14 22:09:34]  /usr/www/pingao_tb/app/ClickController.php  The reservoir process vistdata_cpccountinfos failed.
[2017-09-14 22:09:46]  /usr/www/pingao_tb/app/ClickController.php  The reservoir process vistdata_cpccountinfos failed.
[2017-09-14 22:10:01]  /usr/www/pingao_tb/app/ClickController.php  The reservoir process vistdata_cpccountinfos failed.
[2017-09-14 22:11:39]  /usr/www/pingao_tb/app/ClickController.php  The reservoir process vistdata_cpccountinfos failed.
[2017-09-14 22:12:20]  /usr/www/pingao_tb/app/ClickController.php  The reservoir process vistdata_cpccountinfos failed.
[2017-09-14 22:12:30]  /usr/www/pingao_tb/app/ClickController.php  The reservoir process vistdata_cpccountinfos failed.
[2017-09-14 22:12:57]  /usr/www/pingao_tb/app/ClickController.php  The reservoir process vistdata_cpccountinfos failed.
[2017-09-14 22:13:10]  /usr/www/pingao_tb/app/ClickController.php  The reservoir process vistdata_cpccountinfos failed.
[2017-09-14 22:13:16]  /usr/www/pingao_tb/app/ClickController.php  The reservoir process vistdata_cpccountinfos failed.
[2017-09-14 22:13:45]  /usr/www/pingao_tb/app/ClickController.php  The reservoir process vistdata_cpccountinfos failed.
[2017-09-14 22:14:09]  /usr/www/pingao_tb/app/ClickController.php  The reservoir process vistdata_cpccountinfos failed.
[2017-09-14 22:15:21]  /usr/www/pingao_tb/app/ClickController.php  The reservoir process vistdata_cpccountinfos failed.
[2017-09-14 22:15:30]  /usr/www/pingao_tb/app/ClickController.php  The reservoir process vistdata_cpccountinfos failed.
[2017-09-14 22:16:03]  /usr/www/pingao_tb/app/ClickController.php  The reservoir process vistdata_cpccountinfos failed.
[2017-09-14 22:16:20]  /usr/www/pingao_tb/app/ClickController.php  The reservoir process vistdata_cpccountinfos failed.
[2017-09-14 22:16:47]  /usr/www/pingao_tb/app/ClickController.php  The reservoir process vistdata_cpccountinfos failed.
[2017-09-14 22:16:59]  /usr/www/pingao_tb/app/ClickController.php  The reservoir process vistdata_cpccountinfos failed.
[2017-09-14 22:17:10]  /usr/www/pingao_tb/app/ClickController.php  The reservoir process vistdata_cpccountinfos failed.
[2017-09-14 22:18:17]  /usr/www/pingao_tb/app/ClickController.php  The reservoir process vistdata_cpccountinfos failed.
[2017-09-14 22:18:24]  /usr/www/pingao_tb/app/ClickController.php  The reservoir process vistdata_cpccountinfos failed.
[2017-09-14 22:19:19]  /usr/www/pingao_tb/app/ClickController.php  The reservoir process vistdata_cpccountinfos failed.
[2017-09-14 22:19:42]  /usr/www/pingao_tb/app/ClickController.php  The reservoir process vistdata_cpccountinfos failed.
[2017-09-14 22:19:50]  /usr/www/pingao_tb/app/ClickController.php  The reservoir process vistdata_cpccountinfos failed.
[2017-09-14 22:20:25]  /usr/www/pingao_tb/app/ClickController.php  The reservoir process vistdata_cpccountinfos failed.
[2017-09-14 22:20:39]  /usr/www/pingao_tb/app/ClickController.php  The reservoir process vistdata_cpccountinfos failed.
[2017-09-14 22:21:47]  /usr/www/pingao_tb/app/ClickController.php  The reservoir process vistdata_cpccountinfos failed.
[2017-09-14 22:21:47]  /usr/www/pingao_tb/app/ClickController.php  The reservoir process vistdata_cpccountinfos failed.
[2017-09-14 22:22:15]  /usr/www/pingao_tb/app/ClickController.php  The reservoir process vistdata_cpccountinfos failed.
[2017-09-14 22:23:08]  /usr/www/pingao_tb/app/ClickController.php  The reservoir process vistdata_cpccountinfos failed.
[2017-09-14 22:23:13]  /usr/www/pingao_tb/app/ClickController.php  The reservoir process vistdata_cpccountinfos failed.
[2017-09-14 22:23:26]  /usr/www/pingao_tb/app/ClickController.php  The reservoir process vistdata_cpccountinfos failed.
[2017-09-14 22:23:42]  /usr/www/pingao_tb/app/ClickController.php  The reservoir process vistdata_cpccountinfos failed.
[2017-09-14 22:23:57]  /usr/www/pingao_tb/app/ClickController.php  The reservoir process vistdata_cpccountinfos failed.
[2017-09-14 22:24:00]  /usr/www/pingao_tb/app/ClickController.php  The reservoir process vistdata_cpccountinfos failed.
[2017-09-14 22:24:48]  /usr/www/pingao_tb/app/ClickController.php  The reservoir process vistdata_cpccountinfos failed.
[2017-09-14 22:24:49]  /usr/www/pingao_tb/app/ClickController.php  The reservoir process vistdata_cpccountinfos failed.
[2017-09-14 22:25:21]  /usr/www/pingao_tb/app/ClickController.php  The reservoir process vistdata_cpccountinfos failed.
[2017-09-14 22:25:23]  /usr/www/pingao_tb/app/ClickController.php  The reservoir process vistdata_cpccountinfos failed.
[2017-09-14 22:25:25]  /usr/www/pingao_tb/app/ClickController.php  The reservoir process vistdata_cpccountinfos failed.
[2017-09-14 22:26:19]  /usr/www/pingao_tb/app/ClickController.php  The reservoir process vistdata_cpccountinfos failed.
[2017-09-14 22:26:46]  /usr/www/pingao_tb/app/ClickController.php  The reservoir process vistdata_cpccountinfos failed.
[2017-09-14 22:28:10]  /usr/www/pingao_tb/app/ClickController.php  The reservoir process vistdata_cpccountinfos failed.
[2017-09-14 22:28:21]  /usr/www/pingao_tb/app/ClickController.php  The reservoir process vistdata_cpccountinfos failed.
[2017-09-14 22:28:34]  /usr/www/pingao_tb/app/ClickController.php  The reservoir process vistdata_cpccountinfos failed.
[2017-09-14 22:28:57]  /usr/www/pingao_tb/app/ClickController.php  The reservoir process vistdata_cpccountinfos failed.
[2017-09-14 22:29:51]  /usr/www/pingao_tb/app/ClickController.php  The reservoir process vistdata_cpccountinfos failed.
[2017-09-14 22:30:22]  /usr/www/pingao_tb/app/ClickController.php  The reservoir process vistdata_cpccountinfos failed.
[2017-09-14 22:30:28]  /usr/www/pingao_tb/app/ClickController.php  The reservoir process vistdata_cpccountinfos failed.
[2017-09-14 22:31:09]  /usr/www/pingao_tb/app/ClickController.php  The reservoir process vistdata_cpccountinfos failed.
[2017-09-14 22:31:22]  /usr/www/pingao_tb/app/ClickController.php  The reservoir process vistdata_cpccountinfos failed.
[2017-09-14 22:31:47]  /usr/www/pingao_tb/app/ClickController.php  The reservoir process vistdata_cpccountinfos failed.
[2017-09-14 22:32:17]  /usr/www/pingao_tb/app/ClickController.php  The reservoir process vistdata_cpccountinfos failed.
[2017-09-14 22:32:36]  /usr/www/pingao_tb/app/ClickController.php  The reservoir process vistdata_cpccountinfos failed.
[2017-09-14 22:32:40]  /usr/www/pingao_tb/app/ClickController.php  The reservoir process vistdata_cpccountinfos failed.
[2017-09-14 22:32:41]  /usr/www/pingao_tb/app/ClickController.php  The reservoir process vistdata_cpccountinfos failed.
[2017-09-14 22:32:47]  /usr/www/pingao_tb/app/ClickController.php  The reservoir process vistdata_cpccountinfos failed.
[2017-09-14 22:34:25]  /usr/www/pingao_tb/app/ClickController.php  The reservoir process vistdata_cpccountinfos failed.
[2017-09-14 22:35:04]  /usr/www/pingao_tb/app/ClickController.php  The reservoir process vistdata_cpccountinfos failed.
[2017-09-14 22:35:10]  /usr/www/pingao_tb/app/ClickController.php  The reservoir process vistdata_cpccountinfos failed.
[2017-09-14 22:36:53]  /usr/www/pingao_tb/app/ClickController.php  The reservoir process vistdata_cpccountinfos failed.
[2017-09-14 22:37:39]  /usr/www/pingao_tb/app/ClickController.php  The reservoir process vistdata_cpccountinfos failed.
[2017-09-14 22:38:03]  /usr/www/pingao_tb/app/ClickController.php  The reservoir process vistdata_cpccountinfos failed.
[2017-09-14 22:38:49]  /usr/www/pingao_tb/app/ClickController.php  The reservoir process vistdata_cpccountinfos failed.
[2017-09-14 22:38:50]  /usr/www/pingao_tb/app/ClickController.php  The reservoir process vistdata_cpccountinfos failed.
[2017-09-14 22:39:19]  /usr/www/pingao_tb/app/ClickController.php  The reservoir process vistdata_cpccountinfos failed.
[2017-09-14 22:40:03]  /usr/www/pingao_tb/app/ClickController.php  The reservoir process vistdata_cpccountinfos failed.
[2017-09-14 22:40:15]  /usr/www/pingao_tb/app/ClickController.php  The reservoir process vistdata_cpccountinfos failed.
[2017-09-14 22:40:45]  /usr/www/pingao_tb/app/ClickController.php  The reservoir process vistdata_cpccountinfos failed.
[2017-09-14 22:40:56]  /usr/www/pingao_tb/app/ClickController.php  The reservoir process vistdata_cpccountinfos failed.
[2017-09-14 22:41:28]  /usr/www/pingao_tb/app/ClickController.php  The reservoir process vistdata_cpccountinfos failed.
[2017-09-14 22:42:58]  /usr/www/pingao_tb/app/ClickController.php  The reservoir process vistdata_cpccountinfos failed.
[2017-09-14 22:43:16]  /usr/www/pingao_tb/app/ClickController.php  The reservoir process vistdata_cpccountinfos failed.
[2017-09-14 22:43:31]  /usr/www/pingao_tb/app/ClickController.php  The reservoir process vistdata_cpccountinfos failed.
[2017-09-14 22:44:10]  /usr/www/pingao_tb/app/ClickController.php  The reservoir process vistdata_cpccountinfos failed.
[2017-09-14 22:44:50]  /usr/www/pingao_tb/app/ClickController.php  The reservoir process vistdata_cpccountinfos failed.
[2017-09-14 22:45:02]  /usr/www/pingao_tb/app/ClickController.php  The reservoir process vistdata_cpccountinfos failed.
[2017-09-14 22:45:04]  /usr/www/pingao_tb/app/ClickController.php  The reservoir process vistdata_cpccountinfos failed.
[2017-09-14 22:45:49]  /usr/www/pingao_tb/app/ClickController.php  The reservoir process vistdata_cpccountinfos failed.
[2017-09-14 22:45:59]  /usr/www/pingao_tb/app/ClickController.php  The reservoir process vistdata_cpccountinfos failed.
[2017-09-14 22:46:03]  /usr/www/pingao_tb/app/ClickController.php  The reservoir process vistdata_cpccountinfos failed.
[2017-09-14 22:46:13]  /usr/www/pingao_tb/app/ClickController.php  The reservoir process vistdata_cpccountinfos failed.
[2017-09-14 22:46:13]  /usr/www/pingao_tb/app/ClickController.php  The reservoir process vistdata_cpccountinfos failed.
[2017-09-14 22:46:16]  /usr/www/pingao_tb/app/ClickController.php  The reservoir process vistdata_cpccountinfos failed.
[2017-09-14 22:46:23]  /usr/www/pingao_tb/app/ClickController.php  The reservoir process vistdata_cpccountinfos failed.
[2017-09-14 22:46:35]  /usr/www/pingao_tb/app/ClickController.php  The reservoir process vistdata_cpccountinfos failed.
[2017-09-14 22:46:43]  /usr/www/pingao_tb/app/ClickController.php  The reservoir process vistdata_cpccountinfos failed.
[2017-09-14 22:46:45]  /usr/www/pingao_tb/app/ClickController.php  The reservoir process vistdata_cpccountinfos failed.
[2017-09-14 22:46:49]  /usr/www/pingao_tb/app/ClickController.php  The reservoir process vistdata_cpccountinfos failed.
[2017-09-14 22:47:03]  /usr/www/pingao_tb/app/ClickController.php  The reservoir process vistdata_cpccountinfos failed.
[2017-09-14 22:47:09]  /usr/www/pingao_tb/app/ClickController.php  The reservoir process vistdata_cpccountinfos failed.
[2017-09-14 22:48:13]  /usr/www/pingao_tb/app/ClickController.php  The reservoir process vistdata_cpccountinfos failed.
[2017-09-14 22:48:47]  /usr/www/pingao_tb/app/ClickController.php  The reservoir process vistdata_cpccountinfos failed.
[2017-09-14 22:48:50]  /usr/www/pingao_tb/app/ClickController.php  The reservoir process vistdata_cpccountinfos failed.
[2017-09-14 22:49:47]  /usr/www/pingao_tb/app/ClickController.php  The reservoir process vistdata_cpccountinfos failed.
[2017-09-14 22:50:03]  /usr/www/pingao_tb/app/ClickController.php  The reservoir process vistdata_cpccountinfos failed.
[2017-09-14 22:50:27]  /usr/www/pingao_tb/app/ClickController.php  The reservoir process vistdata_cpccountinfos failed.
[2017-09-14 22:51:22]  /usr/www/pingao_tb/app/ClickController.php  The reservoir process vistdata_cpccountinfos failed.
[2017-09-14 22:51:23]  /usr/www/pingao_tb/app/ClickController.php  The reservoir process vistdata_cpccountinfos failed.
[2017-09-14 22:51:33]  /usr/www/pingao_tb/app/ClickController.php  The reservoir process vistdata_cpccountinfos failed.
[2017-09-14 22:51:46]  /usr/www/pingao_tb/app/ClickController.php  The reservoir process vistdata_cpccountinfos failed.
[2017-09-14 22:52:39]  /usr/www/pingao_tb/app/ClickController.php  The reservoir process vistdata_cpccountinfos failed.
[2017-09-14 22:52:47]  /usr/www/pingao_tb/app/ClickController.php  The reservoir process vistdata_cpccountinfos failed.
[2017-09-14 22:52:53]  /usr/www/pingao_tb/app/ClickController.php  The reservoir process vistdata_cpccountinfos failed.
[2017-09-14 22:53:02]  /usr/www/pingao_tb/app/ClickController.php  The reservoir process vistdata_cpccountinfos failed.
[2017-09-14 22:53:23]  /usr/www/pingao_tb/app/ClickController.php  The reservoir process vistdata_cpccountinfos failed.
[2017-09-14 22:53:53]  /usr/www/pingao_tb/app/ClickController.php  The reservoir process vistdata_cpccountinfos failed.
[2017-09-14 22:55:10]  /usr/www/pingao_tb/app/ClickController.php  The reservoir process vistdata_cpccountinfos failed.
[2017-09-14 22:55:56]  /usr/www/pingao_tb/app/ClickController.php  The reservoir process vistdata_cpccountinfos failed.
[2017-09-14 22:56:02]  /usr/www/pingao_tb/app/ClickController.php  The reservoir process vistdata_cpccountinfos failed.
[2017-09-14 22:56:49]  /usr/www/pingao_tb/app/ClickController.php  The reservoir process vistdata_cpccountinfos failed.
[2017-09-14 22:57:27]  /usr/www/pingao_tb/app/ClickController.php  The reservoir process vistdata_cpccountinfos failed.
[2017-09-14 22:57:34]  /usr/www/pingao_tb/app/ClickController.php  The reservoir process vistdata_cpccountinfos failed.
[2017-09-14 22:57:52]  /usr/www/pingao_tb/app/ClickController.php  The reservoir process vistdata_cpccountinfos failed.
[2017-09-14 22:58:11]  /usr/www/pingao_tb/app/ClickController.php  The reservoir process vistdata_cpccountinfos failed.
[2017-09-14 22:58:24]  /usr/www/pingao_tb/app/ClickController.php  The reservoir process vistdata_cpccountinfos failed.
[2017-09-14 22:58:25]  /usr/www/pingao_tb/app/ClickController.php  The reservoir process vistdata_cpccountinfos failed.
[2017-09-14 22:58:29]  /usr/www/pingao_tb/app/ClickController.php  The reservoir process vistdata_cpccountinfos failed.
[2017-09-14 22:58:36]  /usr/www/pingao_tb/app/ClickController.php  The reservoir process vistdata_cpccountinfos failed.
[2017-09-14 22:59:02]  /usr/www/pingao_tb/app/ClickController.php  The reservoir process vistdata_cpccountinfos failed.
[2017-09-14 22:59:10]  /usr/www/pingao_tb/app/ClickController.php  The reservoir process vistdata_cpccountinfos failed.
[2017-09-14 22:59:18]  /usr/www/pingao_tb/app/ClickController.php  The reservoir process vistdata_cpccountinfos failed.
[2017-09-14 22:59:51]  /usr/www/pingao_tb/app/ClickController.php  The reservoir process vistdata_cpccountinfos failed.
[2017-09-14 23:00:25]  /usr/www/pingao_tb/app/ClickController.php  The reservoir process vistdata_cpccountinfos failed.
[2017-09-14 23:00:35]  /usr/www/pingao_tb/app/ClickController.php  The reservoir process vistdata_cpccountinfos failed.
[2017-09-14 23:00:57]  /usr/www/pingao_tb/app/ClickController.php  The reservoir process vistdata_cpccountinfos failed.
[2017-09-14 23:01:09]  /usr/www/pingao_tb/app/ClickController.php  The reservoir process vistdata_cpccountinfos failed.
[2017-09-14 23:01:09]  /usr/www/pingao_tb/app/ClickController.php  The reservoir process vistdata_cpccountinfos failed.
[2017-09-14 23:01:11]  /usr/www/pingao_tb/app/ClickController.php  The reservoir process vistdata_cpccountinfos failed.
[2017-09-14 23:01:21]  /usr/www/pingao_tb/app/ClickController.php  The reservoir process vistdata_cpccountinfos failed.
[2017-09-14 23:01:23]  /usr/www/pingao_tb/app/ClickController.php  The reservoir process vistdata_cpccountinfos failed.
[2017-09-14 23:01:45]  /usr/www/pingao_tb/app/ClickController.php  The reservoir process vistdata_cpccountinfos failed.
[2017-09-14 23:02:44]  /usr/www/pingao_tb/app/ClickController.php  The reservoir process vistdata_cpccountinfos failed.
[2017-09-14 23:02:49]  /usr/www/pingao_tb/app/ClickController.php  The reservoir process vistdata_cpccountinfos failed.
[2017-09-14 23:03:23]  /usr/www/pingao_tb/app/ClickController.php  The reservoir process vistdata_cpccountinfos failed.
[2017-09-14 23:03:47]  /usr/www/pingao_tb/app/ClickController.php  The reservoir process vistdata_cpccountinfos failed.
[2017-09-14 23:03:52]  /usr/www/pingao_tb/app/ClickController.php  The reservoir process vistdata_cpccountinfos failed.
[2017-09-14 23:03:52]  /usr/www/pingao_tb/app/ClickController.php  The reservoir process vistdata_cpccountinfos failed.
[2017-09-14 23:03:55]  /usr/www/pingao_tb/app/ClickController.php  The reservoir process vistdata_cpccountinfos failed.
[2017-09-14 23:04:02]  /usr/www/pingao_tb/app/ClickController.php  The reservoir process vistdata_cpccountinfos failed.
[2017-09-14 23:04:08]  /usr/www/pingao_tb/app/ClickController.php  The reservoir process vistdata_cpccountinfos failed.
[2017-09-14 23:04:50]  /usr/www/pingao_tb/app/ClickController.php  The reservoir process vistdata_cpccountinfos failed.
[2017-09-14 23:05:06]  /usr/www/pingao_tb/app/ClickController.php  The reservoir process vistdata_cpccountinfos failed.
[2017-09-14 23:05:11]  /usr/www/pingao_tb/app/ClickController.php  The reservoir process vistdata_cpccountinfos failed.
[2017-09-14 23:05:21]  /usr/www/pingao_tb/app/ClickController.php  The reservoir process vistdata_cpccountinfos failed.
[2017-09-14 23:05:24]  /usr/www/pingao_tb/app/ClickController.php  The reservoir process vistdata_cpccountinfos failed.
[2017-09-14 23:06:15]  /usr/www/pingao_tb/app/ClickController.php  The reservoir process vistdata_cpccountinfos failed.
[2017-09-14 23:06:30]  /usr/www/pingao_tb/app/ClickController.php  The reservoir process vistdata_cpccountinfos failed.
[2017-09-14 23:06:50]  /usr/www/pingao_tb/app/ClickController.php  The reservoir process vistdata_cpccountinfos failed.
[2017-09-14 23:07:27]  /usr/www/pingao_tb/app/ClickController.php  The reservoir process vistdata_cpccountinfos failed.
[2017-09-14 23:07:29]  /usr/www/pingao_tb/app/ClickController.php  The reservoir process vistdata_cpccountinfos failed.
[2017-09-14 23:07:40]  /usr/www/pingao_tb/app/ClickController.php  The reservoir process vistdata_cpccountinfos failed.
[2017-09-14 23:07:46]  /usr/www/pingao_tb/app/ClickController.php  The reservoir process vistdata_cpccountinfos failed.
[2017-09-14 23:07:48]  /usr/www/pingao_tb/app/ClickController.php  The reservoir process vistdata_cpccountinfos failed.
[2017-09-14 23:08:24]  /usr/www/pingao_tb/app/ClickController.php  The reservoir process vistdata_cpccountinfos failed.
[2017-09-14 23:08:41]  /usr/www/pingao_tb/app/ClickController.php  The reservoir process vistdata_cpccountinfos failed.
[2017-09-14 23:09:00]  /usr/www/pingao_tb/app/ClickController.php  The reservoir process vistdata_cpccountinfos failed.
[2017-09-14 23:09:43]  /usr/www/pingao_tb/app/ClickController.php  The reservoir process vistdata_cpccountinfos failed.
[2017-09-14 23:09:58]  /usr/www/pingao_tb/app/ClickController.php  The reservoir process vistdata_cpccountinfos failed.
[2017-09-14 23:10:11]  /usr/www/pingao_tb/app/ClickController.php  The reservoir process vistdata_cpccountinfos failed.
[2017-09-14 23:10:22]  /usr/www/pingao_tb/app/ClickController.php  The reservoir process vistdata_cpccountinfos failed.
[2017-09-14 23:11:14]  /usr/www/pingao_tb/app/ClickController.php  The reservoir process vistdata_cpccountinfos failed.
[2017-09-14 23:11:27]  /usr/www/pingao_tb/app/ClickController.php  The reservoir process vistdata_cpccountinfos failed.
[2017-09-14 23:11:27]  /usr/www/pingao_tb/app/ClickController.php  The reservoir process vistdata_cpccountinfos failed.
[2017-09-14 23:11:58]  /usr/www/pingao_tb/app/ClickController.php  The reservoir process vistdata_cpccountinfos failed.
[2017-09-14 23:11:58]  /usr/www/pingao_tb/app/ClickController.php  The reservoir process vistdata_cpccountinfos failed.
[2017-09-14 23:12:06]  /usr/www/pingao_tb/app/ClickController.php  The reservoir process vistdata_cpccountinfos failed.
[2017-09-14 23:12:59]  /usr/www/pingao_tb/app/ClickController.php  The reservoir process vistdata_cpccountinfos failed.
[2017-09-14 23:13:06]  /usr/www/pingao_tb/app/ClickController.php  The reservoir process vistdata_cpccountinfos failed.
[2017-09-14 23:13:13]  /usr/www/pingao_tb/app/ClickController.php  The reservoir process vistdata_cpccountinfos failed.
[2017-09-14 23:13:19]  /usr/www/pingao_tb/app/ClickController.php  The reservoir process vistdata_cpccountinfos failed.
[2017-09-14 23:13:35]  /usr/www/pingao_tb/app/ClickController.php  The reservoir process vistdata_cpccountinfos failed.
[2017-09-14 23:13:56]  /usr/www/pingao_tb/app/ClickController.php  The reservoir process vistdata_cpccountinfos failed.
[2017-09-14 23:14:18]  /usr/www/pingao_tb/app/ClickController.php  The reservoir process vistdata_cpccountinfos failed.
[2017-09-14 23:14:20]  /usr/www/pingao_tb/app/ClickController.php  The reservoir process vistdata_cpccountinfos failed.
[2017-09-14 23:14:22]  /usr/www/pingao_tb/app/ClickController.php  The reservoir process vistdata_cpccountinfos failed.
[2017-09-14 23:14:25]  /usr/www/pingao_tb/app/ClickController.php  The reservoir process vistdata_cpccountinfos failed.
[2017-09-14 23:14:26]  /usr/www/pingao_tb/app/ClickController.php  The reservoir process vistdata_cpccountinfos failed.
[2017-09-14 23:14:27]  /usr/www/pingao_tb/app/ClickController.php  The reservoir process vistdata_cpccountinfos failed.
[2017-09-14 23:14:36]  /usr/www/pingao_tb/app/ClickController.php  The reservoir process vistdata_cpccountinfos failed.
[2017-09-14 23:14:55]  /usr/www/pingao_tb/app/ClickController.php  The reservoir process vistdata_cpccountinfos failed.
[2017-09-14 23:15:03]  /usr/www/pingao_tb/app/ClickController.php  The reservoir process vistdata_cpccountinfos failed.
[2017-09-14 23:15:53]  /usr/www/pingao_tb/app/ClickController.php  The reservoir process vistdata_cpccountinfos failed.
[2017-09-14 23:16:15]  /usr/www/pingao_tb/app/ClickController.php  The reservoir process vistdata_cpccountinfos failed.
[2017-09-14 23:16:15]  /usr/www/pingao_tb/app/ClickController.php  The reservoir process vistdata_cpccountinfos failed.
[2017-09-14 23:16:26]  /usr/www/pingao_tb/app/ClickController.php  The reservoir process vistdata_cpccountinfos failed.
[2017-09-14 23:17:17]  /usr/www/pingao_tb/app/ClickController.php  The reservoir process vistdata_cpccountinfos failed.
[2017-09-14 23:17:43]  /usr/www/pingao_tb/app/ClickController.php  The reservoir process vistdata_cpccountinfos failed.
[2017-09-14 23:18:25]  /usr/www/pingao_tb/app/ClickController.php  The reservoir process vistdata_cpccountinfos failed.
[2017-09-14 23:18:41]  /usr/www/pingao_tb/app/ClickController.php  The reservoir process vistdata_cpccountinfos failed.
[2017-09-14 23:18:47]  /usr/www/pingao_tb/app/ClickController.php  The reservoir process vistdata_cpccountinfos failed.
[2017-09-14 23:19:09]  /usr/www/pingao_tb/app/ClickController.php  The reservoir process vistdata_cpccountinfos failed.
[2017-09-14 23:19:33]  /usr/www/pingao_tb/app/ClickController.php  The reservoir process vistdata_cpccountinfos failed.
[2017-09-14 23:19:34]  /usr/www/pingao_tb/app/ClickController.php  The reservoir process vistdata_cpccountinfos failed.
[2017-09-14 23:19:41]  /usr/www/pingao_tb/app/ClickController.php  The reservoir process vistdata_cpccountinfos failed.
[2017-09-14 23:19:49]  /usr/www/pingao_tb/app/ClickController.php  The reservoir process vistdata_cpccountinfos failed.
[2017-09-14 23:19:53]  /usr/www/pingao_tb/app/ClickController.php  The reservoir process vistdata_cpccountinfos failed.
[2017-09-14 23:20:15]  /usr/www/pingao_tb/app/ClickController.php  The reservoir process vistdata_cpccountinfos failed.
[2017-09-14 23:20:33]  /usr/www/pingao_tb/app/ClickController.php  The reservoir process vistdata_cpccountinfos failed.
[2017-09-14 23:20:35]  /usr/www/pingao_tb/app/ClickController.php  The reservoir process vistdata_cpccountinfos failed.
[2017-09-14 23:20:35]  /usr/www/pingao_tb/app/ClickController.php  The reservoir process vistdata_cpccountinfos failed.
[2017-09-14 23:20:47]  /usr/www/pingao_tb/app/ClickController.php  The reservoir process vistdata_cpccountinfos failed.
[2017-09-14 23:20:51]  /usr/www/pingao_tb/app/ClickController.php  The reservoir process vistdata_cpccountinfos failed.
[2017-09-14 23:21:13]  /usr/www/pingao_tb/app/ClickController.php  The reservoir process vistdata_cpccountinfos failed.
[2017-09-14 23:21:23]  /usr/www/pingao_tb/app/ClickController.php  The reservoir process vistdata_cpccountinfos failed.
[2017-09-14 23:21:27]  /usr/www/pingao_tb/app/ClickController.php  The reservoir process vistdata_cpccountinfos failed.
[2017-09-14 23:21:28]  /usr/www/pingao_tb/app/ClickController.php  The reservoir process vistdata_cpccountinfos failed.
[2017-09-14 23:22:00]  /usr/www/pingao_tb/app/ClickController.php  The reservoir process vistdata_cpccountinfos failed.
[2017-09-14 23:22:48]  /usr/www/pingao_tb/app/ClickController.php  The reservoir process vistdata_cpccountinfos failed.
[2017-09-14 23:23:03]  /usr/www/pingao_tb/app/ClickController.php  The reservoir process vistdata_cpccountinfos failed.
[2017-09-14 23:23:05]  /usr/www/pingao_tb/app/ClickController.php  The reservoir process vistdata_cpccountinfos failed.
[2017-09-14 23:23:08]  /usr/www/pingao_tb/app/ClickController.php  The reservoir process vistdata_cpccountinfos failed.
[2017-09-14 23:23:13]  /usr/www/pingao_tb/app/ClickController.php  The reservoir process vistdata_cpccountinfos failed.
[2017-09-14 23:23:15]  /usr/www/pingao_tb/app/ClickController.php  The reservoir process vistdata_cpccountinfos failed.
[2017-09-14 23:24:43]  /usr/www/pingao_tb/app/ClickController.php  The reservoir process vistdata_cpccountinfos failed.
[2017-09-14 23:24:43]  /usr/www/pingao_tb/app/ClickController.php  The reservoir process vistdata_cpccountinfos failed.
[2017-09-14 23:24:58]  /usr/www/pingao_tb/app/ClickController.php  The reservoir process vistdata_cpccountinfos failed.
[2017-09-14 23:25:03]  /usr/www/pingao_tb/app/ClickController.php  The reservoir process vistdata_cpccountinfos failed.
[2017-09-14 23:25:37]  /usr/www/pingao_tb/app/ClickController.php  The reservoir process vistdata_cpccountinfos failed.
[2017-09-14 23:25:57]  /usr/www/pingao_tb/app/ClickController.php  The reservoir process vistdata_cpccountinfos failed.
[2017-09-14 23:25:58]  /usr/www/pingao_tb/app/ClickController.php  The reservoir process vistdata_cpccountinfos failed.
[2017-09-14 23:25:58]  /usr/www/pingao_tb/app/ClickController.php  The reservoir process vistdata_cpccountinfos failed.
[2017-09-14 23:26:37]  /usr/www/pingao_tb/app/ClickController.php  The reservoir process vistdata_cpccountinfos failed.
[2017-09-14 23:26:54]  /usr/www/pingao_tb/app/ClickController.php  The reservoir process vistdata_cpccountinfos failed.
[2017-09-14 23:26:57]  /usr/www/pingao_tb/app/ClickController.php  The reservoir process vistdata_cpccountinfos failed.
[2017-09-14 23:27:03]  /usr/www/pingao_tb/app/ClickController.php  The reservoir process vistdata_cpccountinfos failed.
[2017-09-14 23:27:27]  /usr/www/pingao_tb/app/ClickController.php  The reservoir process vistdata_cpccountinfos failed.
[2017-09-14 23:28:05]  /usr/www/pingao_tb/app/ClickController.php  The reservoir process vistdata_cpccountinfos failed.
[2017-09-14 23:28:13]  /usr/www/pingao_tb/app/ClickController.php  The reservoir process vistdata_cpccountinfos failed.
[2017-09-14 23:28:25]  /usr/www/pingao_tb/app/ClickController.php  The reservoir process vistdata_cpccountinfos failed.
[2017-09-14 23:28:29]  /usr/www/pingao_tb/app/ClickController.php  The reservoir process vistdata_cpccountinfos failed.
[2017-09-14 23:28:45]  /usr/www/pingao_tb/app/ClickController.php  The reservoir process vistdata_cpccountinfos failed.
[2017-09-14 23:29:32]  /usr/www/pingao_tb/app/ClickController.php  The reservoir process vistdata_cpccountinfos failed.
[2017-09-14 23:29:42]  /usr/www/pingao_tb/app/ClickController.php  The reservoir process vistdata_cpccountinfos failed.
[2017-09-14 23:30:12]  /usr/www/pingao_tb/app/ClickController.php  The reservoir process vistdata_cpccountinfos failed.
[2017-09-14 23:30:29]  /usr/www/pingao_tb/app/ClickController.php  The reservoir process vistdata_cpccountinfos failed.
[2017-09-14 23:30:43]  /usr/www/pingao_tb/app/ClickController.php  The reservoir process vistdata_cpccountinfos failed.
[2017-09-14 23:30:43]  /usr/www/pingao_tb/app/ClickController.php  The reservoir process vistdata_cpccountinfos failed.
[2017-09-14 23:30:46]  /usr/www/pingao_tb/app/ClickController.php  The reservoir process vistdata_cpccountinfos failed.
[2017-09-14 23:31:08]  /usr/www/pingao_tb/app/ClickController.php  The reservoir process vistdata_cpccountinfos failed.
[2017-09-14 23:31:34]  /usr/www/pingao_tb/app/ClickController.php  The reservoir process vistdata_cpccountinfos failed.
[2017-09-14 23:31:48]  /usr/www/pingao_tb/app/ClickController.php  The reservoir process vistdata_cpccountinfos failed.
[2017-09-14 23:31:50]  /usr/www/pingao_tb/app/ClickController.php  The reservoir process vistdata_cpccountinfos failed.
[2017-09-14 23:32:03]  /usr/www/pingao_tb/app/ClickController.php  The reservoir process vistdata_cpccountinfos failed.
[2017-09-14 23:33:23]  /usr/www/pingao_tb/app/ClickController.php  The reservoir process vistdata_cpccountinfos failed.
[2017-09-14 23:33:53]  /usr/www/pingao_tb/app/ClickController.php  The reservoir process vistdata_cpccountinfos failed.
[2017-09-14 23:33:56]  /usr/www/pingao_tb/app/ClickController.php  The reservoir process vistdata_cpccountinfos failed.
[2017-09-14 23:34:49]  /usr/www/pingao_tb/app/ClickController.php  The reservoir process vistdata_cpccountinfos failed.
[2017-09-14 23:35:10]  /usr/www/pingao_tb/app/ClickController.php  The reservoir process vistdata_cpccountinfos failed.
[2017-09-14 23:35:21]  /usr/www/pingao_tb/app/ClickController.php  The reservoir process vistdata_cpccountinfos failed.
[2017-09-14 23:36:09]  /usr/www/pingao_tb/app/ClickController.php  The reservoir process vistdata_cpccountinfos failed.
[2017-09-14 23:36:21]  /usr/www/pingao_tb/app/ClickController.php  The reservoir process vistdata_cpccountinfos failed.
[2017-09-14 23:36:52]  /usr/www/pingao_tb/app/ClickController.php  The reservoir process vistdata_cpccountinfos failed.
[2017-09-14 23:36:59]  /usr/www/pingao_tb/app/ClickController.php  The reservoir process vistdata_cpccountinfos failed.
[2017-09-14 23:37:24]  /usr/www/pingao_tb/app/ClickController.php  The reservoir process vistdata_cpccountinfos failed.
[2017-09-14 23:37:28]  /usr/www/pingao_tb/app/ClickController.php  The reservoir process vistdata_cpccountinfos failed.
[2017-09-14 23:37:48]  /usr/www/pingao_tb/app/ClickController.php  The reservoir process vistdata_cpccountinfos failed.
[2017-09-14 23:38:31]  /usr/www/pingao_tb/app/ClickController.php  The reservoir process vistdata_cpccountinfos failed.
[2017-09-14 23:38:35]  /usr/www/pingao_tb/app/ClickController.php  The reservoir process vistdata_cpccountinfos failed.
[2017-09-14 23:38:35]  /usr/www/pingao_tb/app/ClickController.php  The reservoir process vistdata_cpccountinfos failed.
[2017-09-14 23:38:38]  /usr/www/pingao_tb/app/ClickController.php  The reservoir process vistdata_cpccountinfos failed.
[2017-09-14 23:38:59]  /usr/www/pingao_tb/app/ClickController.php  The reservoir process vistdata_cpccountinfos failed.
[2017-09-14 23:39:08]  /usr/www/pingao_tb/app/ClickController.php  The reservoir process vistdata_cpccountinfos failed.
[2017-09-14 23:39:29]  /usr/www/pingao_tb/app/ClickController.php  The reservoir process vistdata_cpccountinfos failed.
[2017-09-14 23:40:45]  /usr/www/pingao_tb/app/ClickController.php  The reservoir process vistdata_cpccountinfos failed.
[2017-09-14 23:40:59]  /usr/www/pingao_tb/app/ClickController.php  The reservoir process vistdata_cpccountinfos failed.
[2017-09-14 23:41:40]  /usr/www/pingao_tb/app/ClickController.php  The reservoir process vistdata_cpccountinfos failed.
[2017-09-14 23:42:23]  /usr/www/pingao_tb/app/ClickController.php  The reservoir process vistdata_cpccountinfos failed.
[2017-09-14 23:42:26]  /usr/www/pingao_tb/app/ClickController.php  The reservoir process vistdata_cpccountinfos failed.
[2017-09-14 23:42:30]  /usr/www/pingao_tb/app/ClickController.php  The reservoir process vistdata_cpccountinfos failed.
[2017-09-14 23:42:41]  /usr/www/pingao_tb/app/ClickController.php  The reservoir process vistdata_cpccountinfos failed.
[2017-09-14 23:42:57]  /usr/www/pingao_tb/app/ClickController.php  The reservoir process vistdata_cpccountinfos failed.
[2017-09-14 23:42:59]  /usr/www/pingao_tb/app/ClickController.php  The reservoir process vistdata_cpccountinfos failed.
[2017-09-14 23:43:05]  /usr/www/pingao_tb/app/ClickController.php  The reservoir process vistdata_cpccountinfos failed.
[2017-09-14 23:43:17]  /usr/www/pingao_tb/app/ClickController.php  The reservoir process vistdata_cpccountinfos failed.
[2017-09-14 23:43:21]  /usr/www/pingao_tb/app/ClickController.php  The reservoir process vistdata_cpccountinfos failed.
[2017-09-14 23:43:21]  /usr/www/pingao_tb/app/ClickController.php  The reservoir process vistdata_cpccountinfos failed.
[2017-09-14 23:43:23]  /usr/www/pingao_tb/app/ClickController.php  The reservoir process vistdata_cpccountinfos failed.
[2017-09-14 23:43:28]  /usr/www/pingao_tb/app/ClickController.php  The reservoir process vistdata_cpccountinfos failed.
[2017-09-14 23:43:29]  /usr/www/pingao_tb/app/ClickController.php  The reservoir process vistdata_cpccountinfos failed.
[2017-09-14 23:43:30]  /usr/www/pingao_tb/app/ClickController.php  The reservoir process vistdata_cpccountinfos failed.
[2017-09-14 23:44:06]  /usr/www/pingao_tb/app/ClickController.php  The reservoir process vistdata_cpccountinfos failed.
[2017-09-14 23:44:24]  /usr/www/pingao_tb/app/ClickController.php  The reservoir process vistdata_cpccountinfos failed.
[2017-09-14 23:44:44]  /usr/www/pingao_tb/app/ClickController.php  The reservoir process vistdata_cpccountinfos failed.
[2017-09-14 23:44:58]  /usr/www/pingao_tb/app/ClickController.php  The reservoir process vistdata_cpccountinfos failed.
[2017-09-14 23:45:15]  /usr/www/pingao_tb/app/ClickController.php  The reservoir process vistdata_cpccountinfos failed.
[2017-09-14 23:46:27]  /usr/www/pingao_tb/app/ClickController.php  The reservoir process vistdata_cpccountinfos failed.
[2017-09-14 23:46:43]  /usr/www/pingao_tb/app/ClickController.php  The reservoir process vistdata_cpccountinfos failed.
[2017-09-14 23:46:45]  /usr/www/pingao_tb/app/ClickController.php  The reservoir process vistdata_cpccountinfos failed.
[2017-09-14 23:46:54]  /usr/www/pingao_tb/app/ClickController.php  The reservoir process vistdata_cpccountinfos failed.
[2017-09-14 23:47:01]  /usr/www/pingao_tb/app/ClickController.php  The reservoir process vistdata_cpccountinfos failed.
[2017-09-14 23:47:01]  /usr/www/pingao_tb/app/ClickController.php  The reservoir process vistdata_cpccountinfos failed.
[2017-09-14 23:47:21]  /usr/www/pingao_tb/app/ClickController.php  The reservoir process vistdata_cpccountinfos failed.
[2017-09-14 23:47:26]  /usr/www/pingao_tb/app/ClickController.php  The reservoir process vistdata_cpccountinfos failed.
[2017-09-14 23:47:42]  /usr/www/pingao_tb/app/ClickController.php  The reservoir process vistdata_cpccountinfos failed.
[2017-09-14 23:48:37]  /usr/www/pingao_tb/app/ClickController.php  The reservoir process vistdata_cpccountinfos failed.
[2017-09-14 23:48:55]  /usr/www/pingao_tb/app/ClickController.php  The reservoir process vistdata_cpccountinfos failed.
[2017-09-14 23:49:07]  /usr/www/pingao_tb/app/ClickController.php  The reservoir process vistdata_cpccountinfos failed.
[2017-09-14 23:49:09]  /usr/www/pingao_tb/app/ClickController.php  The reservoir process vistdata_cpccountinfos failed.
[2017-09-14 23:49:26]  /usr/www/pingao_tb/app/ClickController.php  The reservoir process vistdata_cpccountinfos failed.
[2017-09-14 23:49:32]  /usr/www/pingao_tb/app/ClickController.php  The reservoir process vistdata_cpccountinfos failed.
[2017-09-14 23:50:53]  /usr/www/pingao_tb/app/ClickController.php  The reservoir process vistdata_cpccountinfos failed.
[2017-09-14 23:51:08]  /usr/www/pingao_tb/app/ClickController.php  The reservoir process vistdata_cpccountinfos failed.
[2017-09-14 23:51:13]  /usr/www/pingao_tb/app/ClickController.php  The reservoir process vistdata_cpccountinfos failed.
[2017-09-14 23:51:14]  /usr/www/pingao_tb/app/ClickController.php  The reservoir process vistdata_cpccountinfos failed.
[2017-09-14 23:52:36]  /usr/www/pingao_tb/app/ClickController.php  The reservoir process vistdata_cpccountinfos failed.
[2017-09-14 23:52:39]  /usr/www/pingao_tb/app/ClickController.php  The reservoir process vistdata_cpccountinfos failed.
[2017-09-14 23:52:47]  /usr/www/pingao_tb/app/ClickController.php  The reservoir process vistdata_cpccountinfos failed.
[2017-09-14 23:52:48]  /usr/www/pingao_tb/app/ClickController.php  The reservoir process vistdata_cpccountinfos failed.
[2017-09-14 23:53:28]  /usr/www/pingao_tb/app/ClickController.php  The reservoir process vistdata_cpccountinfos failed.
[2017-09-14 23:53:44]  /usr/www/pingao_tb/app/ClickController.php  The reservoir process vistdata_cpccountinfos failed.
[2017-09-14 23:53:52]  /usr/www/pingao_tb/app/ClickController.php  The reservoir process vistdata_cpccountinfos failed.
[2017-09-14 23:54:14]  /usr/www/pingao_tb/app/ClickController.php  The reservoir process vistdata_cpccountinfos failed.
[2017-09-14 23:54:18]  /usr/www/pingao_tb/app/ClickController.php  The reservoir process vistdata_cpccountinfos failed.
[2017-09-14 23:54:40]  /usr/www/pingao_tb/app/ClickController.php  The reservoir process vistdata_cpccountinfos failed.
[2017-09-14 23:55:23]  /usr/www/pingao_tb/app/ClickController.php  The reservoir process vistdata_cpccountinfos failed.
[2017-09-14 23:55:47]  /usr/www/pingao_tb/app/ClickController.php  The reservoir process vistdata_cpccountinfos failed.
[2017-09-14 23:56:46]  /usr/www/pingao_tb/app/ClickController.php  The reservoir process vistdata_cpccountinfos failed.
[2017-09-14 23:57:11]  /usr/www/pingao_tb/app/ClickController.php  The reservoir process vistdata_cpccountinfos failed.
[2017-09-14 23:57:14]  /usr/www/pingao_tb/app/ClickController.php  The reservoir process vistdata_cpccountinfos failed.
[2017-09-14 23:59:11]  /usr/www/pingao_tb/app/ClickController.php  The reservoir process vistdata_cpccountinfos failed.
[2017-09-14 23:59:36]  /usr/www/pingao_tb/app/ClickController.php  The reservoir process vistdata_cpccountinfos failed.